<?xml version="1.0" encoding="UTF-8"?>
<robot generator="Robot 7.1.1 (Python 3.12.7 on win32)" generated="2024-11-21T05:01:45.026357" rpa="false" schemaversion="5">
<suite id="s1" name="Kadena Tests" source="D:\a\KadenaTestAutomation\KadenaTestAutomation\testsuites\Kadena_Tests.robot">
<test id="s1-t1" name="Test Scenario 1: Login with invalid password" line="15">
<kw name="Open Test Browser" owner="Common" type="SETUP">
<kw name="Set Selenium Timeout" owner="SeleniumLibrary">
<arg>10s</arg>
<doc>Sets the timeout that is used by various keywords.</doc>
<status status="PASS" start="2024-11-21T05:01:45.370096" elapsed="0.000000"/>
</kw>
<kw name="Empty Directory" owner="OperatingSystem">
<msg time="2024-11-21T05:01:45.370096" level="INFO" html="true">Listing contents of directory '&lt;a href="file://D:\a\KadenaTestAutomation\KadenaTestAutomation\testsuites\screenshots"&gt;D:\a\KadenaTestAutomation\KadenaTestAutomation\testsuites\screenshots&lt;/a&gt;'.</msg>
<msg time="2024-11-21T05:01:45.370096" level="INFO" html="true">Emptied directory '&lt;a href="file://D:\a\KadenaTestAutomation\KadenaTestAutomation\testsuites\screenshots"&gt;D:\a\KadenaTestAutomation\KadenaTestAutomation\testsuites\screenshots&lt;/a&gt;'.</msg>
<arg>testsuites/screenshots</arg>
<doc>Deletes all the content from the given directory.</doc>
<status status="PASS" start="2024-11-21T05:01:45.370096" elapsed="0.000000"/>
</kw>
<kw name="Set Screenshot Directory" owner="SeleniumLibrary">
<arg>testsuites/screenshots</arg>
<doc>Sets the directory for captured screenshots.</doc>
<status status="PASS" start="2024-11-21T05:01:45.370096" elapsed="0.000000"/>
</kw>
<kw name="Evaluate" owner="BuiltIn">
<msg time="2024-11-21T05:01:45.370096" level="INFO">${options} = &lt;selenium.webdriver.chrome.options.Options object at 0x0000028DC1CC6510&gt;</msg>
<var>${options}</var>
<arg>sys.modules['selenium.webdriver'].${name}Options()</arg>
<arg>sys, selenium.webdriver</arg>
<doc>Evaluates the given expression in Python and returns the result.</doc>
<status status="PASS" start="2024-11-21T05:01:45.370096" elapsed="0.000000"/>
</kw>
<kw name="Call Method" owner="BuiltIn">
<arg>${options}</arg>
<arg>add_argument</arg>
<arg>--incognito</arg>
<doc>Calls the named method of the given object with the provided arguments.</doc>
<status status="PASS" start="2024-11-21T05:01:45.370096" elapsed="0.000000"/>
</kw>
<kw name="Create Webdriver" owner="SeleniumLibrary">
<msg time="2024-11-21T05:01:45.370096" level="INFO">Creating an instance of the Chrome WebDriver.</msg>
<arg>${name}</arg>
<arg>options=${options}</arg>
<doc>Creates an instance of Selenium WebDriver.</doc>
<status status="PASS" start="2024-11-21T05:01:45.370096" elapsed="42.648546"/>
</kw>
<kw name="Maximize Browser Window" owner="SeleniumLibrary">
<doc>Maximizes current browser window.</doc>
<status status="PASS" start="2024-11-21T05:02:28.018642" elapsed="0.030779"/>
</kw>
<arg>${BROWSER_NAME}</arg>
<status status="PASS" start="2024-11-21T05:01:45.354467" elapsed="42.695648"/>
</kw>
<kw name="GIVEN I go to Login page" owner="KadenaApp">
<kw name="Navigate to login page" owner="Login">
<kw name="Go To" owner="SeleniumLibrary">
<msg time="2024-11-21T05:02:28.051123" level="INFO">Opening url 'https://kadena.test.amihan.net/'</msg>
<arg>${LOGINPAGE_URL}</arg>
<doc>Navigates the current browser window to the provided ``url``.</doc>
<status status="PASS" start="2024-11-21T05:02:28.050115" elapsed="3.068299"/>
</kw>
<status status="PASS" start="2024-11-21T05:02:28.050115" elapsed="3.069300"/>
</kw>
<kw name="Verify Page Loaded" owner="Login">
<kw name="Wait Until Page Contains" owner="SeleniumLibrary">
<arg>${LOGIN_HEADER}</arg>
<doc>Waits until ``text`` appears on the current page.</doc>
<status status="PASS" start="2024-11-21T05:02:31.120422" elapsed="0.315247"/>
</kw>
<status status="PASS" start="2024-11-21T05:02:31.119415" elapsed="0.316254"/>
</kw>
<status status="PASS" start="2024-11-21T05:02:28.050115" elapsed="3.385554"/>
</kw>
<kw name="AND I enter" owner="KadenaApp">
<kw name="Enter Credential" owner="Login">
<kw name="Input Text" owner="SeleniumLibrary">
<msg time="2024-11-21T05:02:31.435669" level="INFO">Typing text 'test-order-receiver-3@example.com' into text field 'id=username'.</msg>
<arg>${locator}</arg>
<arg>${credential}</arg>
<doc>Types the given ``text`` into the text field identified by ``locator``.</doc>
<status status="PASS" start="2024-11-21T05:02:31.435669" elapsed="0.543364"/>
</kw>
<arg>${credential}</arg>
<arg>${locator}</arg>
<status status="PASS" start="2024-11-21T05:02:31.435669" elapsed="0.543364"/>
</kw>
<arg>${VALID_ORDERING_EMAIL}</arg>
<arg>${EMAIL}</arg>
<status status="PASS" start="2024-11-21T05:02:31.435669" elapsed="0.543960"/>
</kw>
<kw name="AND I enter" owner="KadenaApp">
<kw name="Enter Credential" owner="Login">
<kw name="Input Text" owner="SeleniumLibrary">
<msg time="2024-11-21T05:02:31.980155" level="INFO">Typing text 'invalidpassword' into text field 'id=password'.</msg>
<arg>${locator}</arg>
<arg>${credential}</arg>
<doc>Types the given ``text`` into the text field identified by ``locator``.</doc>
<status status="PASS" start="2024-11-21T05:02:31.980155" elapsed="0.147893"/>
</kw>
<arg>${credential}</arg>
<arg>${locator}</arg>
<status status="PASS" start="2024-11-21T05:02:31.980155" elapsed="0.148205"/>
</kw>
<arg>${INVALID_PASSWORD}</arg>
<arg>${PASSWORD}</arg>
<status status="PASS" start="2024-11-21T05:02:31.979629" elapsed="0.148731"/>
</kw>
<kw name="WHEN I click the button" owner="KadenaApp">
<kw name="Click submit button" owner="Login">
<kw name="Click Button" owner="SeleniumLibrary">
<msg time="2024-11-21T05:02:32.130277" level="INFO">Clicking button 'name=login'.</msg>
<arg>${locator}</arg>
<doc>Clicks the button identified by ``locator``.</doc>
<status status="PASS" start="2024-11-21T05:02:32.130277" elapsed="1.664137"/>
</kw>
<arg>${locator}</arg>
<status status="PASS" start="2024-11-21T05:02:32.129819" elapsed="1.664595"/>
</kw>
<arg>${LOGIN_BUTTON}</arg>
<status status="PASS" start="2024-11-21T05:02:32.128891" elapsed="1.665523"/>
</kw>
<kw name="THEN A message should display" owner="KadenaApp">
<kw name="Validate Error Message" owner="Login">
<kw name="Page Should Contain" owner="SeleniumLibrary">
<msg time="2024-11-21T05:02:33.809091" level="INFO">Current page contains text 'Invalid username or password.'.</msg>
<arg>${text}</arg>
<doc>Verifies that current page contains ``text``.</doc>
<status status="PASS" start="2024-11-21T05:02:33.794980" elapsed="0.014111"/>
</kw>
<arg>${text}</arg>
<status status="PASS" start="2024-11-21T05:02:33.794980" elapsed="0.014111"/>
</kw>
<arg>${INVALID_ERROR_MESSAGE}</arg>
<status status="PASS" start="2024-11-21T05:02:33.794980" elapsed="0.014111"/>
</kw>
<kw name="Close Test Browser" owner="Common" type="TEARDOWN">
<kw name="Wait Until Keyword Succeeds" owner="BuiltIn">
<kw name="Capture Page Screenshot" owner="SeleniumLibrary">
<msg time="2024-11-21T05:02:33.897506" level="INFO" html="true">&lt;/td&gt;&lt;/tr&gt;&lt;tr&gt;&lt;td colspan="3"&gt;&lt;a href="../testsuites/screenshots/selenium-screenshot-1.png"&gt;&lt;img src="../testsuites/screenshots/selenium-screenshot-1.png" width="800px"&gt;&lt;/a&gt;</msg>
<doc>Takes a screenshot of the current page and embeds it into a log file.</doc>
<status status="PASS" start="2024-11-21T05:02:33.812026" elapsed="0.086476"/>
</kw>
<arg>10</arg>
<arg>1s</arg>
<arg>Capture Page Screenshot</arg>
<doc>Runs the specified keyword and retries if it fails.</doc>
<status status="PASS" start="2024-11-21T05:02:33.812026" elapsed="0.086476"/>
</kw>
<kw name="Close All Browsers" owner="SeleniumLibrary">
<doc>Closes all open browsers and resets the browser cache.</doc>
<status status="PASS" start="2024-11-21T05:02:33.898502" elapsed="6.264953"/>
</kw>
<status status="PASS" start="2024-11-21T05:02:33.812026" elapsed="6.351429"/>
</kw>
<doc>Login with invalid credentials</doc>
<tag>M0MAIN-SIT-001</tag>
<tag>TS-SIT-001</tag>
<status status="PASS" start="2024-11-21T05:01:45.354467" elapsed="54.808988"/>
</test>
<test id="s1-t2" name="Test Scenario 2: Login with invalid email" line="25">
<kw name="Open Test Browser" owner="Common" type="SETUP">
<kw name="Set Selenium Timeout" owner="SeleniumLibrary">
<arg>10s</arg>
<doc>Sets the timeout that is used by various keywords.</doc>
<status status="PASS" start="2024-11-21T05:02:40.163455" elapsed="0.000000"/>
</kw>
<kw name="Empty Directory" owner="OperatingSystem">
<msg time="2024-11-21T05:02:40.163455" level="INFO" html="true">Listing contents of directory '&lt;a href="file://D:\a\KadenaTestAutomation\KadenaTestAutomation\testsuites\screenshots"&gt;D:\a\KadenaTestAutomation\KadenaTestAutomation\testsuites\screenshots&lt;/a&gt;'.</msg>
<msg time="2024-11-21T05:02:40.163455" level="INFO" html="true">Emptied directory '&lt;a href="file://D:\a\KadenaTestAutomation\KadenaTestAutomation\testsuites\screenshots"&gt;D:\a\KadenaTestAutomation\KadenaTestAutomation\testsuites\screenshots&lt;/a&gt;'.</msg>
<arg>testsuites/screenshots</arg>
<doc>Deletes all the content from the given directory.</doc>
<status status="PASS" start="2024-11-21T05:02:40.163455" elapsed="0.000000"/>
</kw>
<kw name="Set Screenshot Directory" owner="SeleniumLibrary">
<arg>testsuites/screenshots</arg>
<doc>Sets the directory for captured screenshots.</doc>
<status status="PASS" start="2024-11-21T05:02:40.163455" elapsed="0.000000"/>
</kw>
<kw name="Evaluate" owner="BuiltIn">
<msg time="2024-11-21T05:02:40.163455" level="INFO">${options} = &lt;selenium.webdriver.chrome.options.Options object at 0x0000028DC1D06FF0&gt;</msg>
<var>${options}</var>
<arg>sys.modules['selenium.webdriver'].${name}Options()</arg>
<arg>sys, selenium.webdriver</arg>
<doc>Evaluates the given expression in Python and returns the result.</doc>
<status status="PASS" start="2024-11-21T05:02:40.163455" elapsed="0.000000"/>
</kw>
<kw name="Call Method" owner="BuiltIn">
<arg>${options}</arg>
<arg>add_argument</arg>
<arg>--incognito</arg>
<doc>Calls the named method of the given object with the provided arguments.</doc>
<status status="PASS" start="2024-11-21T05:02:40.163455" elapsed="0.000000"/>
</kw>
<kw name="Create Webdriver" owner="SeleniumLibrary">
<msg time="2024-11-21T05:02:40.163455" level="INFO">Creating an instance of the Chrome WebDriver.</msg>
<arg>${name}</arg>
<arg>options=${options}</arg>
<doc>Creates an instance of Selenium WebDriver.</doc>
<status status="PASS" start="2024-11-21T05:02:40.163455" elapsed="1.260522"/>
</kw>
<kw name="Maximize Browser Window" owner="SeleniumLibrary">
<doc>Maximizes current browser window.</doc>
<status status="PASS" start="2024-11-21T05:02:41.423977" elapsed="0.034975"/>
</kw>
<arg>${BROWSER_NAME}</arg>
<status status="PASS" start="2024-11-21T05:02:40.163455" elapsed="1.295497"/>
</kw>
<kw name="GIVEN I go to Login page" owner="KadenaApp">
<kw name="Navigate to login page" owner="Login">
<kw name="Go To" owner="SeleniumLibrary">
<msg time="2024-11-21T05:02:41.459952" level="INFO">Opening url 'https://kadena.test.amihan.net/'</msg>
<arg>${LOGINPAGE_URL}</arg>
<doc>Navigates the current browser window to the provided ``url``.</doc>
<status status="PASS" start="2024-11-21T05:02:41.459952" elapsed="2.640586"/>
</kw>
<status status="PASS" start="2024-11-21T05:02:41.459952" elapsed="2.640586"/>
</kw>
<kw name="Verify Page Loaded" owner="Login">
<kw name="Wait Until Page Contains" owner="SeleniumLibrary">
<arg>${LOGIN_HEADER}</arg>
<doc>Waits until ``text`` appears on the current page.</doc>
<status status="PASS" start="2024-11-21T05:02:44.100538" elapsed="0.013237"/>
</kw>
<status status="PASS" start="2024-11-21T05:02:44.100538" elapsed="0.013237"/>
</kw>
<status status="PASS" start="2024-11-21T05:02:41.458952" elapsed="2.654823"/>
</kw>
<kw name="AND I enter" owner="KadenaApp">
<kw name="Enter Credential" owner="Login">
<kw name="Input Text" owner="SeleniumLibrary">
<msg time="2024-11-21T05:02:44.115330" level="INFO">Typing text 'invalid@email.com' into text field 'id=username'.</msg>
<arg>${locator}</arg>
<arg>${credential}</arg>
<doc>Types the given ``text`` into the text field identified by ``locator``.</doc>
<status status="PASS" start="2024-11-21T05:02:44.114780" elapsed="0.081319"/>
</kw>
<arg>${credential}</arg>
<arg>${locator}</arg>
<status status="PASS" start="2024-11-21T05:02:44.114780" elapsed="0.081319"/>
</kw>
<arg>${INVALID_EMAIL}</arg>
<arg>${EMAIL}</arg>
<status status="PASS" start="2024-11-21T05:02:44.113775" elapsed="0.082324"/>
</kw>
<kw name="AND I enter" owner="KadenaApp">
<kw name="Enter Credential" owner="Login">
<kw name="Input Text" owner="SeleniumLibrary">
<msg time="2024-11-21T05:02:44.198095" level="INFO">Typing text 'password' into text field 'id=password'.</msg>
<arg>${locator}</arg>
<arg>${credential}</arg>
<doc>Types the given ``text`` into the text field identified by ``locator``.</doc>
<status status="PASS" start="2024-11-21T05:02:44.197101" elapsed="0.077482"/>
</kw>
<arg>${credential}</arg>
<arg>${locator}</arg>
<status status="PASS" start="2024-11-21T05:02:44.197101" elapsed="0.077482"/>
</kw>
<arg>${VALID_PASSWORD}</arg>
<arg>${PASSWORD}</arg>
<status status="PASS" start="2024-11-21T05:02:44.197101" elapsed="0.077482"/>
</kw>
<kw name="WHEN I click the button" owner="KadenaApp">
<kw name="Click submit button" owner="Login">
<kw name="Click Button" owner="SeleniumLibrary">
<msg time="2024-11-21T05:02:44.276578" level="INFO">Clicking button 'name=login'.</msg>
<arg>${locator}</arg>
<doc>Clicks the button identified by ``locator``.</doc>
<status status="PASS" start="2024-11-21T05:02:44.275581" elapsed="1.552366"/>
</kw>
<arg>${locator}</arg>
<status status="PASS" start="2024-11-21T05:02:44.275581" elapsed="1.553366"/>
</kw>
<arg>${LOGIN_BUTTON}</arg>
<status status="PASS" start="2024-11-21T05:02:44.275581" elapsed="1.553366"/>
</kw>
<kw name="THEN A message should display" owner="KadenaApp">
<kw name="Validate Error Message" owner="Login">
<kw name="Page Should Contain" owner="SeleniumLibrary">
<msg time="2024-11-21T05:02:45.844171" level="INFO">Current page contains text 'Invalid username or password.'.</msg>
<arg>${text}</arg>
<doc>Verifies that current page contains ``text``.</doc>
<status status="PASS" start="2024-11-21T05:02:45.829943" elapsed="0.014228"/>
</kw>
<arg>${text}</arg>
<status status="PASS" start="2024-11-21T05:02:45.828947" elapsed="0.015224"/>
</kw>
<arg>${INVALID_ERROR_MESSAGE}</arg>
<status status="PASS" start="2024-11-21T05:02:45.828947" elapsed="0.015224"/>
</kw>
<kw name="Close Test Browser" owner="Common" type="TEARDOWN">
<kw name="Wait Until Keyword Succeeds" owner="BuiltIn">
<kw name="Capture Page Screenshot" owner="SeleniumLibrary">
<msg time="2024-11-21T05:02:45.895963" level="INFO" html="true">&lt;/td&gt;&lt;/tr&gt;&lt;tr&gt;&lt;td colspan="3"&gt;&lt;a href="../testsuites/screenshots/selenium-screenshot-1.png"&gt;&lt;img src="../testsuites/screenshots/selenium-screenshot-1.png" width="800px"&gt;&lt;/a&gt;</msg>
<doc>Takes a screenshot of the current page and embeds it into a log file.</doc>
<status status="PASS" start="2024-11-21T05:02:45.845173" elapsed="0.050790"/>
</kw>
<arg>10</arg>
<arg>1s</arg>
<arg>Capture Page Screenshot</arg>
<doc>Runs the specified keyword and retries if it fails.</doc>
<status status="PASS" start="2024-11-21T05:02:45.844171" elapsed="0.051792"/>
</kw>
<kw name="Close All Browsers" owner="SeleniumLibrary">
<doc>Closes all open browsers and resets the browser cache.</doc>
<status status="PASS" start="2024-11-21T05:02:45.895963" elapsed="6.119926"/>
</kw>
<status status="PASS" start="2024-11-21T05:02:45.844171" elapsed="6.171718"/>
</kw>
<doc>Login with invalid credentials</doc>
<tag>M0MAIN-SIT-001</tag>
<tag>TS-SIT-001</tag>
<status status="PASS" start="2024-11-21T05:02:40.163455" elapsed="11.852434"/>
</test>
<test id="s1-t3" name="Test Scenario 3: Login with access to Forecasting" line="35">
<kw name="Open Test Browser" owner="Common" type="SETUP">
<kw name="Set Selenium Timeout" owner="SeleniumLibrary">
<arg>10s</arg>
<doc>Sets the timeout that is used by various keywords.</doc>
<status status="PASS" start="2024-11-21T05:02:52.015889" elapsed="0.000000"/>
</kw>
<kw name="Empty Directory" owner="OperatingSystem">
<msg time="2024-11-21T05:02:52.015889" level="INFO" html="true">Listing contents of directory '&lt;a href="file://D:\a\KadenaTestAutomation\KadenaTestAutomation\testsuites\screenshots"&gt;D:\a\KadenaTestAutomation\KadenaTestAutomation\testsuites\screenshots&lt;/a&gt;'.</msg>
<msg time="2024-11-21T05:02:52.015889" level="INFO" html="true">Emptied directory '&lt;a href="file://D:\a\KadenaTestAutomation\KadenaTestAutomation\testsuites\screenshots"&gt;D:\a\KadenaTestAutomation\KadenaTestAutomation\testsuites\screenshots&lt;/a&gt;'.</msg>
<arg>testsuites/screenshots</arg>
<doc>Deletes all the content from the given directory.</doc>
<status status="PASS" start="2024-11-21T05:02:52.015889" elapsed="0.000000"/>
</kw>
<kw name="Set Screenshot Directory" owner="SeleniumLibrary">
<arg>testsuites/screenshots</arg>
<doc>Sets the directory for captured screenshots.</doc>
<status status="PASS" start="2024-11-21T05:02:52.015889" elapsed="0.000000"/>
</kw>
<kw name="Evaluate" owner="BuiltIn">
<msg time="2024-11-21T05:02:52.015889" level="INFO">${options} = &lt;selenium.webdriver.chrome.options.Options object at 0x0000028DC1CDAFC0&gt;</msg>
<var>${options}</var>
<arg>sys.modules['selenium.webdriver'].${name}Options()</arg>
<arg>sys, selenium.webdriver</arg>
<doc>Evaluates the given expression in Python and returns the result.</doc>
<status status="PASS" start="2024-11-21T05:02:52.015889" elapsed="0.000000"/>
</kw>
<kw name="Call Method" owner="BuiltIn">
<arg>${options}</arg>
<arg>add_argument</arg>
<arg>--incognito</arg>
<doc>Calls the named method of the given object with the provided arguments.</doc>
<status status="PASS" start="2024-11-21T05:02:52.015889" elapsed="0.000000"/>
</kw>
<kw name="Create Webdriver" owner="SeleniumLibrary">
<msg time="2024-11-21T05:02:52.015889" level="INFO">Creating an instance of the Chrome WebDriver.</msg>
<arg>${name}</arg>
<arg>options=${options}</arg>
<doc>Creates an instance of Selenium WebDriver.</doc>
<status status="PASS" start="2024-11-21T05:02:52.015889" elapsed="1.331625"/>
</kw>
<kw name="Maximize Browser Window" owner="SeleniumLibrary">
<doc>Maximizes current browser window.</doc>
<status status="PASS" start="2024-11-21T05:02:53.347514" elapsed="0.034527"/>
</kw>
<arg>${BROWSER_NAME}</arg>
<status status="PASS" start="2024-11-21T05:02:52.015889" elapsed="1.366152"/>
</kw>
<kw name="GIVEN I go to Login page" owner="KadenaApp">
<kw name="Navigate to login page" owner="Login">
<kw name="Go To" owner="SeleniumLibrary">
<msg time="2024-11-21T05:02:53.383052" level="INFO">Opening url 'https://kadena.test.amihan.net/'</msg>
<arg>${LOGINPAGE_URL}</arg>
<doc>Navigates the current browser window to the provided ``url``.</doc>
<status status="PASS" start="2024-11-21T05:02:53.383052" elapsed="2.583295"/>
</kw>
<status status="PASS" start="2024-11-21T05:02:53.383052" elapsed="2.583295"/>
</kw>
<kw name="Verify Page Loaded" owner="Login">
<kw name="Wait Until Page Contains" owner="SeleniumLibrary">
<arg>${LOGIN_HEADER}</arg>
<doc>Waits until ``text`` appears on the current page.</doc>
<status status="PASS" start="2024-11-21T05:02:55.966347" elapsed="0.013128"/>
</kw>
<status status="PASS" start="2024-11-21T05:02:55.966347" elapsed="0.013128"/>
</kw>
<status status="PASS" start="2024-11-21T05:02:53.382041" elapsed="2.598435"/>
</kw>
<kw name="AND I enter" owner="KadenaApp">
<kw name="Enter Credential" owner="Login">
<kw name="Input Text" owner="SeleniumLibrary">
<msg time="2024-11-21T05:02:55.980721" level="INFO">Typing text 'econsista@agsx.net' into text field 'id=username'.</msg>
<arg>${locator}</arg>
<arg>${credential}</arg>
<doc>Types the given ``text`` into the text field identified by ``locator``.</doc>
<status status="PASS" start="2024-11-21T05:02:55.980721" elapsed="0.083288"/>
</kw>
<arg>${credential}</arg>
<arg>${locator}</arg>
<status status="PASS" start="2024-11-21T05:02:55.980721" elapsed="0.083288"/>
</kw>
<arg>${VALID_FORECASTING_EMAIL}</arg>
<arg>${EMAIL}</arg>
<status status="PASS" start="2024-11-21T05:02:55.980721" elapsed="0.083288"/>
</kw>
<kw name="AND I enter" owner="KadenaApp">
<kw name="Enter Credential" owner="Login">
<kw name="Input Text" owner="SeleniumLibrary">
<msg time="2024-11-21T05:02:56.065004" level="INFO">Typing text 'password' into text field 'id=password'.</msg>
<arg>${locator}</arg>
<arg>${credential}</arg>
<doc>Types the given ``text`` into the text field identified by ``locator``.</doc>
<status status="PASS" start="2024-11-21T05:02:56.065004" elapsed="0.077097"/>
</kw>
<arg>${credential}</arg>
<arg>${locator}</arg>
<status status="PASS" start="2024-11-21T05:02:56.065004" elapsed="0.077097"/>
</kw>
<arg>${VALID_PASSWORD}</arg>
<arg>${PASSWORD}</arg>
<status status="PASS" start="2024-11-21T05:02:56.064009" elapsed="0.078092"/>
</kw>
<kw name="WHEN I click the button" owner="KadenaApp">
<kw name="Click submit button" owner="Login">
<kw name="Click Button" owner="SeleniumLibrary">
<msg time="2024-11-21T05:02:56.143243" level="INFO">Clicking button 'name=login'.</msg>
<arg>${locator}</arg>
<doc>Clicks the button identified by ``locator``.</doc>
<status status="PASS" start="2024-11-21T05:02:56.143243" elapsed="2.617799"/>
</kw>
<arg>${locator}</arg>
<status status="PASS" start="2024-11-21T05:02:56.142101" elapsed="2.618941"/>
</kw>
<arg>${LOGIN_BUTTON}</arg>
<status status="PASS" start="2024-11-21T05:02:56.142101" elapsed="2.618941"/>
</kw>
<kw name="AND A message should display" owner="KadenaApp">
<kw name="Validate Error Message" owner="Login">
<kw name="Page Should Contain" owner="SeleniumLibrary">
<msg time="2024-11-21T05:02:58.794317" level="INFO">Current page contains text 'Welcome'.</msg>
<arg>${text}</arg>
<doc>Verifies that current page contains ``text``.</doc>
<status status="PASS" start="2024-11-21T05:02:58.763482" elapsed="0.030835"/>
</kw>
<arg>${text}</arg>
<status status="PASS" start="2024-11-21T05:02:58.762042" elapsed="0.032275"/>
</kw>
<arg>Welcome</arg>
<status status="PASS" start="2024-11-21T05:02:58.761042" elapsed="0.033275"/>
</kw>
<kw name="AND The link should not be clickable" owner="KadenaApp">
<kw name="Verify element if clickable" owner="Home">
<kw name="Run Keyword And Return Status" owner="BuiltIn">
<kw name="Click Element" owner="SeleniumLibrary">
<msg time="2024-11-21T05:02:58.795320" level="INFO">Clicking element 'css=img[alt="Ordering"]'.</msg>
<msg time="2024-11-21T05:02:59.939321" level="INFO" html="true">&lt;/td&gt;&lt;/tr&gt;&lt;tr&gt;&lt;td colspan="3"&gt;&lt;a href="../testsuites/screenshots/selenium-screenshot-1.png"&gt;&lt;img src="../testsuites/screenshots/selenium-screenshot-1.png" width="800px"&gt;&lt;/a&gt;</msg>
<msg time="2024-11-21T05:02:59.939321" level="FAIL">ElementClickInterceptedException: Message: element click intercepted: Element &lt;img alt="Ordering" loading="lazy" width="60" height="60" decoding="async" data-nimg="1" class="2xl:w-[60px] 2xl:h-[60px] lg:w-[50px] lg:h-[50px] md:w-[40px] md:h-[40px] sm:w-[30px] sm:h-[30px] z-1" style="color:transparent" srcset="/_next/image?url=%2Fordering-orange.png&amp;amp;w=64&amp;amp;q=75 1x, /_next/image?url=%2Fordering-orange.png&amp;amp;w=128&amp;amp;q=75 2x" src="/_next/image?url=%2Fordering-orange.png&amp;amp;w=128&amp;amp;q=75"&gt; is not clickable at point (941, 302). Other element would receive the click: &lt;div class="relative sm:ml-[5%] xl:ml-[10%] my-auto min-w-[255px]"&gt;...&lt;/div&gt;
  (Session info: chrome=131.0.6778.70)
Stacktrace:
	GetHandleVerifier [0x00007FF7248F2775+28773]
	(No symbol) [0x00007FF72485AFB0]
	(No symbol) [0x00007FF7246F552A]
	(No symbol) [0x00007FF724750B5E]
	(No symbol) [0x00007FF72474E5FC]
	(No symbol) [0x00007FF72474B7E6]
	(No symbol) [0x00007FF72474A741]
	(No symbol) [0x00007FF72473C970]
	(No symbol) [0x00007FF72476EF9A]
	(No symbol) [0x00007FF72473C1C6]
	(No symbol) [0x00007FF72476F1B0]
	(No symbol) [0x00007FF72478F1A4]
	(No symbol) [0x00007FF72476ED43]
	(No symbol) [0x00007FF72473A548]
	(No symbol) [0x00007FF72473B6B1]
	GetHandleVerifier [0x00007FF724C1F45D+3358029]
	GetHandleVerifier [0x00007FF724C3430D+3443709]
	GetHandleVerifier [0x00007FF724C283FD+3394797]
	GetHandleVerifier [0x00007FF7249B929B+842635]
	(No symbol) [0x00007FF72486654F]
	(No symbol) [0x00007FF724861FA4]
	(No symbol) [0x00007FF72486213D]
	(No symbol) [0x00007FF724851629]
	BaseThreadInitThunk [0x00007FFE21634CB0+16]
	RtlUserThreadStart [0x00007FFE21D7EDCB+43]
</msg>
<arg>${locator}</arg>
<doc>Click the element identified by ``locator``.</doc>
<status status="FAIL" start="2024-11-21T05:02:58.795320" elapsed="1.159636">ElementClickInterceptedException: Message: element click intercepted: Element &lt;img alt="Ordering" loading="lazy" width="60" height="60" decoding="async" data-nimg="1" class="2xl:w-[60px] 2xl:h-[60px] lg:w-[50px] lg:h-[50px] md:w-[40px] md:h-[40px] sm:w-[30px] sm:h-[30px] z-1" style="color:transparent" srcset="/_next/image?url=%2Fordering-orange.png&amp;amp;w=64&amp;amp;q=75 1x, /_next/image?url=%2Fordering-orange.png&amp;amp;w=128&amp;amp;q=75 2x" src="/_next/image?url=%2Fordering-orange.png&amp;amp;w=128&amp;amp;q=75"&gt; is not clickable at point (941, 302). Other element would receive the click: &lt;div class="relative sm:ml-[5%] xl:ml-[10%] my-auto min-w-[255px]"&gt;...&lt;/div&gt;
  (Session info: chrome=131.0.6778.70)
Stacktrace:
	GetHandleVerifier [0x00007FF7248F2775+28773]
	(No symbol) [0x00007FF72485AFB0]
	(No symbol) [0x00007FF7246F552A]
	(No symbol) [0x00007FF724750B5E]
	(No symbol) [0x00007FF72474E5FC]
	(No symbol) [0x00007FF72474B7E6]
	(No symbol) [0x00007FF72474A741]
	(No symbol) [0x00007FF72473C970]
	(No symbol) [0x00007FF72476EF9A]
	(No symbol) [0x00007FF72473C1C6]
	(No symbol) [0x00007FF72476F1B0]
	(No symbol) [0x00007FF72478F1A4]
	(No symbol) [0x00007FF72476ED43]
	(No symbol) [0x00007FF72473A548]
	(No symbol) [0x00007FF72473B6B1]
	GetHandleVerifier [0x00007FF724C1F45D+3358029]
	GetHandleVerifier [0x00007FF724C3430D+3443709]
	GetHandleVerifier [0x00007FF724C283FD+3394797]
	GetHandleVerifier [0x00007FF7249B929B+842635]
	(No symbol) [0x00007FF72486654F]
	(No symbol) [0x00007FF724861FA4]
	(No symbol) [0x00007FF72486213D]
	(No symbol) [0x00007FF724851629]
	BaseThreadInitThunk [0x00007FFE21634CB0+16]
	RtlUserThreadStart [0x00007FFE21D7EDCB+43]
</status>
</kw>
<msg time="2024-11-21T05:02:59.954956" level="INFO">${actual_status} = False</msg>
<var>${actual_status}</var>
<arg>Click Element</arg>
<arg>${locator}</arg>
<doc>Runs the given keyword with given arguments and returns the status as a Boolean value.</doc>
<status status="PASS" start="2024-11-21T05:02:58.795320" elapsed="1.159636"/>
</kw>
<kw name="Should Be Equal" owner="BuiltIn">
<arg>${actual_status}</arg>
<arg>${expected_status}</arg>
<doc>Fails if the given objects are unequal.</doc>
<status status="PASS" start="2024-11-21T05:02:59.954956" elapsed="0.000000"/>
</kw>
<arg>${locator}</arg>
<arg>${False}</arg>
<status status="PASS" start="2024-11-21T05:02:58.795320" elapsed="1.159636"/>
</kw>
<arg>${ORDERING_LINK}</arg>
<status status="PASS" start="2024-11-21T05:02:58.794317" elapsed="1.160639"/>
</kw>
<kw name="AND The link should not be clickable" owner="KadenaApp">
<kw name="Verify element if clickable" owner="Home">
<kw name="Run Keyword And Return Status" owner="BuiltIn">
<kw name="Click Element" owner="SeleniumLibrary">
<msg time="2024-11-21T05:02:59.954956" level="INFO">Clicking element 'css=img[alt="Procurement"]'.</msg>
<msg time="2024-11-21T05:03:01.048837" level="INFO" html="true">&lt;/td&gt;&lt;/tr&gt;&lt;tr&gt;&lt;td colspan="3"&gt;&lt;a href="../testsuites/screenshots/selenium-screenshot-2.png"&gt;&lt;img src="../testsuites/screenshots/selenium-screenshot-2.png" width="800px"&gt;&lt;/a&gt;</msg>
<msg time="2024-11-21T05:03:01.048837" level="FAIL">ElementClickInterceptedException: Message: element click intercepted: Element &lt;img alt="Procurement" loading="lazy" width="60" height="60" decoding="async" data-nimg="1" class="2xl:w-[60px] 2xl:h-[60px] lg:w-[50px] lg:h-[50px] md:w-[40px] md:h-[40px] sm:w-[30px] sm:h-[30px] z-1" style="color:transparent" srcset="/_next/image?url=%2Fprocurement-orange.png&amp;amp;w=64&amp;amp;q=75 1x, /_next/image?url=%2Fprocurement-orange.png&amp;amp;w=128&amp;amp;q=75 2x" src="/_next/image?url=%2Fprocurement-orange.png&amp;amp;w=128&amp;amp;q=75"&gt; is not clickable at point (853, 494). Other element would receive the click: &lt;div class="relative sm:ml-[5%] xl:ml-[10%] my-auto min-w-[255px]"&gt;...&lt;/div&gt;
  (Session info: chrome=131.0.6778.70)
Stacktrace:
	GetHandleVerifier [0x00007FF7248F2775+28773]
	(No symbol) [0x00007FF72485AFB0]
	(No symbol) [0x00007FF7246F552A]
	(No symbol) [0x00007FF724750B5E]
	(No symbol) [0x00007FF72474E5FC]
	(No symbol) [0x00007FF72474B7E6]
	(No symbol) [0x00007FF72474A741]
	(No symbol) [0x00007FF72473C970]
	(No symbol) [0x00007FF72476EF9A]
	(No symbol) [0x00007FF72473C1C6]
	(No symbol) [0x00007FF72476F1B0]
	(No symbol) [0x00007FF72478F1A4]
	(No symbol) [0x00007FF72476ED43]
	(No symbol) [0x00007FF72473A548]
	(No symbol) [0x00007FF72473B6B1]
	GetHandleVerifier [0x00007FF724C1F45D+3358029]
	GetHandleVerifier [0x00007FF724C3430D+3443709]
	GetHandleVerifier [0x00007FF724C283FD+3394797]
	GetHandleVerifier [0x00007FF7249B929B+842635]
	(No symbol) [0x00007FF72486654F]
	(No symbol) [0x00007FF724861FA4]
	(No symbol) [0x00007FF72486213D]
	(No symbol) [0x00007FF724851629]
	BaseThreadInitThunk [0x00007FFE21634CB0+16]
	RtlUserThreadStart [0x00007FFE21D7EDCB+43]
</msg>
<arg>${locator}</arg>
<doc>Click the element identified by ``locator``.</doc>
<status status="FAIL" start="2024-11-21T05:02:59.954956" elapsed="1.093881">ElementClickInterceptedException: Message: element click intercepted: Element &lt;img alt="Procurement" loading="lazy" width="60" height="60" decoding="async" data-nimg="1" class="2xl:w-[60px] 2xl:h-[60px] lg:w-[50px] lg:h-[50px] md:w-[40px] md:h-[40px] sm:w-[30px] sm:h-[30px] z-1" style="color:transparent" srcset="/_next/image?url=%2Fprocurement-orange.png&amp;amp;w=64&amp;amp;q=75 1x, /_next/image?url=%2Fprocurement-orange.png&amp;amp;w=128&amp;amp;q=75 2x" src="/_next/image?url=%2Fprocurement-orange.png&amp;amp;w=128&amp;amp;q=75"&gt; is not clickable at point (853, 494). Other element would receive the click: &lt;div class="relative sm:ml-[5%] xl:ml-[10%] my-auto min-w-[255px]"&gt;...&lt;/div&gt;
  (Session info: chrome=131.0.6778.70)
Stacktrace:
	GetHandleVerifier [0x00007FF7248F2775+28773]
	(No symbol) [0x00007FF72485AFB0]
	(No symbol) [0x00007FF7246F552A]
	(No symbol) [0x00007FF724750B5E]
	(No symbol) [0x00007FF72474E5FC]
	(No symbol) [0x00007FF72474B7E6]
	(No symbol) [0x00007FF72474A741]
	(No symbol) [0x00007FF72473C970]
	(No symbol) [0x00007FF72476EF9A]
	(No symbol) [0x00007FF72473C1C6]
	(No symbol) [0x00007FF72476F1B0]
	(No symbol) [0x00007FF72478F1A4]
	(No symbol) [0x00007FF72476ED43]
	(No symbol) [0x00007FF72473A548]
	(No symbol) [0x00007FF72473B6B1]
	GetHandleVerifier [0x00007FF724C1F45D+3358029]
	GetHandleVerifier [0x00007FF724C3430D+3443709]
	GetHandleVerifier [0x00007FF724C283FD+3394797]
	GetHandleVerifier [0x00007FF7249B929B+842635]
	(No symbol) [0x00007FF72486654F]
	(No symbol) [0x00007FF724861FA4]
	(No symbol) [0x00007FF72486213D]
	(No symbol) [0x00007FF724851629]
	BaseThreadInitThunk [0x00007FFE21634CB0+16]
	RtlUserThreadStart [0x00007FFE21D7EDCB+43]
</status>
</kw>
<msg time="2024-11-21T05:03:01.048837" level="INFO">${actual_status} = False</msg>
<var>${actual_status}</var>
<arg>Click Element</arg>
<arg>${locator}</arg>
<doc>Runs the given keyword with given arguments and returns the status as a Boolean value.</doc>
<status status="PASS" start="2024-11-21T05:02:59.954956" elapsed="1.093881"/>
</kw>
<kw name="Should Be Equal" owner="BuiltIn">
<arg>${actual_status}</arg>
<arg>${expected_status}</arg>
<doc>Fails if the given objects are unequal.</doc>
<status status="PASS" start="2024-11-21T05:03:01.048837" elapsed="0.000000"/>
</kw>
<arg>${locator}</arg>
<arg>${False}</arg>
<status status="PASS" start="2024-11-21T05:02:59.954956" elapsed="1.093881"/>
</kw>
<arg>${PROCUREMENT_LINK}</arg>
<status status="PASS" start="2024-11-21T05:02:59.954956" elapsed="1.093881"/>
</kw>
<kw name="AND The link should not be clickable" owner="KadenaApp">
<kw name="Verify element if clickable" owner="Home">
<kw name="Run Keyword And Return Status" owner="BuiltIn">
<kw name="Click Element" owner="SeleniumLibrary">
<msg time="2024-11-21T05:03:01.064467" level="INFO">Clicking element 'css=img[alt="Vendor Portal"]'.</msg>
<msg time="2024-11-21T05:03:02.221231" level="INFO" html="true">&lt;/td&gt;&lt;/tr&gt;&lt;tr&gt;&lt;td colspan="3"&gt;&lt;a href="../testsuites/screenshots/selenium-screenshot-3.png"&gt;&lt;img src="../testsuites/screenshots/selenium-screenshot-3.png" width="800px"&gt;&lt;/a&gt;</msg>
<msg time="2024-11-21T05:03:02.221231" level="FAIL">ElementClickInterceptedException: Message: element click intercepted: Element &lt;img alt="Vendor Portal" loading="lazy" width="60" height="60" decoding="async" data-nimg="1" class="2xl:w-[60px] 2xl:h-[60px] lg:w-[50px] lg:h-[50px] md:w-[40px] md:h-[40px] sm:w-[30px] sm:h-[30px] z-1" style="color:transparent" srcset="/_next/image?url=%2Fvendor-portal-orange.png&amp;amp;w=64&amp;amp;q=75 1x, /_next/image?url=%2Fvendor-portal-orange.png&amp;amp;w=128&amp;amp;q=75 2x" src="/_next/image?url=%2Fvendor-portal-orange.png&amp;amp;w=128&amp;amp;q=75"&gt; is not clickable at point (653, 542). Other element would receive the click: &lt;div class="absolute inset-0"&gt;...&lt;/div&gt;
  (Session info: chrome=131.0.6778.70)
Stacktrace:
	GetHandleVerifier [0x00007FF7248F2775+28773]
	(No symbol) [0x00007FF72485AFB0]
	(No symbol) [0x00007FF7246F552A]
	(No symbol) [0x00007FF724750B5E]
	(No symbol) [0x00007FF72474E5FC]
	(No symbol) [0x00007FF72474B7E6]
	(No symbol) [0x00007FF72474A741]
	(No symbol) [0x00007FF72473C970]
	(No symbol) [0x00007FF72476EF9A]
	(No symbol) [0x00007FF72473C1C6]
	(No symbol) [0x00007FF72476F1B0]
	(No symbol) [0x00007FF72478F1A4]
	(No symbol) [0x00007FF72476ED43]
	(No symbol) [0x00007FF72473A548]
	(No symbol) [0x00007FF72473B6B1]
	GetHandleVerifier [0x00007FF724C1F45D+3358029]
	GetHandleVerifier [0x00007FF724C3430D+3443709]
	GetHandleVerifier [0x00007FF724C283FD+3394797]
	GetHandleVerifier [0x00007FF7249B929B+842635]
	(No symbol) [0x00007FF72486654F]
	(No symbol) [0x00007FF724861FA4]
	(No symbol) [0x00007FF72486213D]
	(No symbol) [0x00007FF724851629]
	BaseThreadInitThunk [0x00007FFE21634CB0+16]
	RtlUserThreadStart [0x00007FFE21D7EDCB+43]
</msg>
<arg>${locator}</arg>
<doc>Click the element identified by ``locator``.</doc>
<status status="FAIL" start="2024-11-21T05:03:01.064467" elapsed="1.156764">ElementClickInterceptedException: Message: element click intercepted: Element &lt;img alt="Vendor Portal" loading="lazy" width="60" height="60" decoding="async" data-nimg="1" class="2xl:w-[60px] 2xl:h-[60px] lg:w-[50px] lg:h-[50px] md:w-[40px] md:h-[40px] sm:w-[30px] sm:h-[30px] z-1" style="color:transparent" srcset="/_next/image?url=%2Fvendor-portal-orange.png&amp;amp;w=64&amp;amp;q=75 1x, /_next/image?url=%2Fvendor-portal-orange.png&amp;amp;w=128&amp;amp;q=75 2x" src="/_next/image?url=%2Fvendor-portal-orange.png&amp;amp;w=128&amp;amp;q=75"&gt; is not clickable at point (653, 542). Other element would receive the click: &lt;div class="absolute inset-0"&gt;...&lt;/div&gt;
  (Session info: chrome=131.0.6778.70)
Stacktrace:
	GetHandleVerifier [0x00007FF7248F2775+28773]
	(No symbol) [0x00007FF72485AFB0]
	(No symbol) [0x00007FF7246F552A]
	(No symbol) [0x00007FF724750B5E]
	(No symbol) [0x00007FF72474E5FC]
	(No symbol) [0x00007FF72474B7E6]
	(No symbol) [0x00007FF72474A741]
	(No symbol) [0x00007FF72473C970]
	(No symbol) [0x00007FF72476EF9A]
	(No symbol) [0x00007FF72473C1C6]
	(No symbol) [0x00007FF72476F1B0]
	(No symbol) [0x00007FF72478F1A4]
	(No symbol) [0x00007FF72476ED43]
	(No symbol) [0x00007FF72473A548]
	(No symbol) [0x00007FF72473B6B1]
	GetHandleVerifier [0x00007FF724C1F45D+3358029]
	GetHandleVerifier [0x00007FF724C3430D+3443709]
	GetHandleVerifier [0x00007FF724C283FD+3394797]
	GetHandleVerifier [0x00007FF7249B929B+842635]
	(No symbol) [0x00007FF72486654F]
	(No symbol) [0x00007FF724861FA4]
	(No symbol) [0x00007FF72486213D]
	(No symbol) [0x00007FF724851629]
	BaseThreadInitThunk [0x00007FFE21634CB0+16]
	RtlUserThreadStart [0x00007FFE21D7EDCB+43]
</status>
</kw>
<msg time="2024-11-21T05:03:02.221231" level="INFO">${actual_status} = False</msg>
<var>${actual_status}</var>
<arg>Click Element</arg>
<arg>${locator}</arg>
<doc>Runs the given keyword with given arguments and returns the status as a Boolean value.</doc>
<status status="PASS" start="2024-11-21T05:03:01.064467" elapsed="1.156764"/>
</kw>
<kw name="Should Be Equal" owner="BuiltIn">
<arg>${actual_status}</arg>
<arg>${expected_status}</arg>
<doc>Fails if the given objects are unequal.</doc>
<status status="PASS" start="2024-11-21T05:03:02.221231" elapsed="0.000000"/>
</kw>
<arg>${locator}</arg>
<arg>${False}</arg>
<status status="PASS" start="2024-11-21T05:03:01.064467" elapsed="1.156764"/>
</kw>
<arg>${VENDOR_LINK}</arg>
<status status="PASS" start="2024-11-21T05:03:01.048837" elapsed="1.172394"/>
</kw>
<kw name="AND The link should not be clickable" owner="KadenaApp">
<kw name="Verify element if clickable" owner="Home">
<kw name="Run Keyword And Return Status" owner="BuiltIn">
<kw name="Click Element" owner="SeleniumLibrary">
<msg time="2024-11-21T05:03:02.236868" level="INFO">Clicking element 'css=img[alt="Quality Management"]'.</msg>
<msg time="2024-11-21T05:03:03.423878" level="INFO" html="true">&lt;/td&gt;&lt;/tr&gt;&lt;tr&gt;&lt;td colspan="3"&gt;&lt;a href="../testsuites/screenshots/selenium-screenshot-4.png"&gt;&lt;img src="../testsuites/screenshots/selenium-screenshot-4.png" width="800px"&gt;&lt;/a&gt;</msg>
<msg time="2024-11-21T05:03:03.423878" level="FAIL">ElementClickInterceptedException: Message: element click intercepted: Element &lt;img alt="Quality Management" loading="lazy" width="60" height="60" decoding="async" data-nimg="1" class="2xl:w-[60px] 2xl:h-[60px] lg:w-[50px] lg:h-[50px] md:w-[40px] md:h-[40px] sm:w-[30px] sm:h-[30px] z-1" style="color:transparent" srcset="/_next/image?url=%2Fquality-management-orange.png&amp;amp;w=64&amp;amp;q=75 1x, /_next/image?url=%2Fquality-management-orange.png&amp;amp;w=128&amp;amp;q=75 2x" src="/_next/image?url=%2Fquality-management-orange.png&amp;amp;w=128&amp;amp;q=75"&gt; is not clickable at point (461, 454). Other element would receive the click: &lt;div class="relative sm:ml-[5%] xl:ml-[10%] my-auto min-w-[255px]"&gt;...&lt;/div&gt;
  (Session info: chrome=131.0.6778.70)
Stacktrace:
	GetHandleVerifier [0x00007FF7248F2775+28773]
	(No symbol) [0x00007FF72485AFB0]
	(No symbol) [0x00007FF7246F552A]
	(No symbol) [0x00007FF724750B5E]
	(No symbol) [0x00007FF72474E5FC]
	(No symbol) [0x00007FF72474B7E6]
	(No symbol) [0x00007FF72474A741]
	(No symbol) [0x00007FF72473C970]
	(No symbol) [0x00007FF72476EF9A]
	(No symbol) [0x00007FF72473C1C6]
	(No symbol) [0x00007FF72476F1B0]
	(No symbol) [0x00007FF72478F1A4]
	(No symbol) [0x00007FF72476ED43]
	(No symbol) [0x00007FF72473A548]
	(No symbol) [0x00007FF72473B6B1]
	GetHandleVerifier [0x00007FF724C1F45D+3358029]
	GetHandleVerifier [0x00007FF724C3430D+3443709]
	GetHandleVerifier [0x00007FF724C283FD+3394797]
	GetHandleVerifier [0x00007FF7249B929B+842635]
	(No symbol) [0x00007FF72486654F]
	(No symbol) [0x00007FF724861FA4]
	(No symbol) [0x00007FF72486213D]
	(No symbol) [0x00007FF724851629]
	BaseThreadInitThunk [0x00007FFE21634CB0+16]
	RtlUserThreadStart [0x00007FFE21D7EDCB+43]
</msg>
<arg>${locator}</arg>
<doc>Click the element identified by ``locator``.</doc>
<status status="FAIL" start="2024-11-21T05:03:02.236868" elapsed="1.187010">ElementClickInterceptedException: Message: element click intercepted: Element &lt;img alt="Quality Management" loading="lazy" width="60" height="60" decoding="async" data-nimg="1" class="2xl:w-[60px] 2xl:h-[60px] lg:w-[50px] lg:h-[50px] md:w-[40px] md:h-[40px] sm:w-[30px] sm:h-[30px] z-1" style="color:transparent" srcset="/_next/image?url=%2Fquality-management-orange.png&amp;amp;w=64&amp;amp;q=75 1x, /_next/image?url=%2Fquality-management-orange.png&amp;amp;w=128&amp;amp;q=75 2x" src="/_next/image?url=%2Fquality-management-orange.png&amp;amp;w=128&amp;amp;q=75"&gt; is not clickable at point (461, 454). Other element would receive the click: &lt;div class="relative sm:ml-[5%] xl:ml-[10%] my-auto min-w-[255px]"&gt;...&lt;/div&gt;
  (Session info: chrome=131.0.6778.70)
Stacktrace:
	GetHandleVerifier [0x00007FF7248F2775+28773]
	(No symbol) [0x00007FF72485AFB0]
	(No symbol) [0x00007FF7246F552A]
	(No symbol) [0x00007FF724750B5E]
	(No symbol) [0x00007FF72474E5FC]
	(No symbol) [0x00007FF72474B7E6]
	(No symbol) [0x00007FF72474A741]
	(No symbol) [0x00007FF72473C970]
	(No symbol) [0x00007FF72476EF9A]
	(No symbol) [0x00007FF72473C1C6]
	(No symbol) [0x00007FF72476F1B0]
	(No symbol) [0x00007FF72478F1A4]
	(No symbol) [0x00007FF72476ED43]
	(No symbol) [0x00007FF72473A548]
	(No symbol) [0x00007FF72473B6B1]
	GetHandleVerifier [0x00007FF724C1F45D+3358029]
	GetHandleVerifier [0x00007FF724C3430D+3443709]
	GetHandleVerifier [0x00007FF724C283FD+3394797]
	GetHandleVerifier [0x00007FF7249B929B+842635]
	(No symbol) [0x00007FF72486654F]
	(No symbol) [0x00007FF724861FA4]
	(No symbol) [0x00007FF72486213D]
	(No symbol) [0x00007FF724851629]
	BaseThreadInitThunk [0x00007FFE21634CB0+16]
	RtlUserThreadStart [0x00007FFE21D7EDCB+43]
</status>
</kw>
<msg time="2024-11-21T05:03:03.423878" level="INFO">${actual_status} = False</msg>
<var>${actual_status}</var>
<arg>Click Element</arg>
<arg>${locator}</arg>
<doc>Runs the given keyword with given arguments and returns the status as a Boolean value.</doc>
<status status="PASS" start="2024-11-21T05:03:02.221231" elapsed="1.202647"/>
</kw>
<kw name="Should Be Equal" owner="BuiltIn">
<arg>${actual_status}</arg>
<arg>${expected_status}</arg>
<doc>Fails if the given objects are unequal.</doc>
<status status="PASS" start="2024-11-21T05:03:03.423878" elapsed="0.000000"/>
</kw>
<arg>${locator}</arg>
<arg>${False}</arg>
<status status="PASS" start="2024-11-21T05:03:02.221231" elapsed="1.202647"/>
</kw>
<arg>${QUALITY_LINK}</arg>
<status status="PASS" start="2024-11-21T05:03:02.221231" elapsed="1.202647"/>
</kw>
<kw name="AND The link should not be clickable" owner="KadenaApp">
<kw name="Verify element if clickable" owner="Home">
<kw name="Run Keyword And Return Status" owner="BuiltIn">
<kw name="Click Element" owner="SeleniumLibrary">
<msg time="2024-11-21T05:03:03.423878" level="INFO">Clicking element 'css=img[alt="Inventory Management"]'.</msg>
<msg time="2024-11-21T05:03:04.565263" level="INFO" html="true">&lt;/td&gt;&lt;/tr&gt;&lt;tr&gt;&lt;td colspan="3"&gt;&lt;a href="../testsuites/screenshots/selenium-screenshot-5.png"&gt;&lt;img src="../testsuites/screenshots/selenium-screenshot-5.png" width="800px"&gt;&lt;/a&gt;</msg>
<msg time="2024-11-21T05:03:04.565263" level="FAIL">ElementClickInterceptedException: Message: element click intercepted: Element &lt;img alt="Inventory Management" loading="lazy" width="60" height="60" decoding="async" data-nimg="1" class="2xl:w-[60px] 2xl:h-[60px] lg:w-[50px] lg:h-[50px] md:w-[40px] md:h-[40px] sm:w-[30px] sm:h-[30px] z-1" style="color:transparent" srcset="/_next/image?url=%2Finventory-management-orange.png&amp;amp;w=64&amp;amp;q=75 1x, /_next/image?url=%2Finventory-management-orange.png&amp;amp;w=128&amp;amp;q=75 2x" src="/_next/image?url=%2Finventory-management-orange.png&amp;amp;w=128&amp;amp;q=75"&gt; is not clickable at point (413, 274). Other element would receive the click: &lt;div class="sm:mb-[100px] lg:mb-[174px]"&gt;...&lt;/div&gt;
  (Session info: chrome=131.0.6778.70)
Stacktrace:
	GetHandleVerifier [0x00007FF7248F2775+28773]
	(No symbol) [0x00007FF72485AFB0]
	(No symbol) [0x00007FF7246F552A]
	(No symbol) [0x00007FF724750B5E]
	(No symbol) [0x00007FF72474E5FC]
	(No symbol) [0x00007FF72474B7E6]
	(No symbol) [0x00007FF72474A741]
	(No symbol) [0x00007FF72473C970]
	(No symbol) [0x00007FF72476EF9A]
	(No symbol) [0x00007FF72473C1C6]
	(No symbol) [0x00007FF72476F1B0]
	(No symbol) [0x00007FF72478F1A4]
	(No symbol) [0x00007FF72476ED43]
	(No symbol) [0x00007FF72473A548]
	(No symbol) [0x00007FF72473B6B1]
	GetHandleVerifier [0x00007FF724C1F45D+3358029]
	GetHandleVerifier [0x00007FF724C3430D+3443709]
	GetHandleVerifier [0x00007FF724C283FD+3394797]
	GetHandleVerifier [0x00007FF7249B929B+842635]
	(No symbol) [0x00007FF72486654F]
	(No symbol) [0x00007FF724861FA4]
	(No symbol) [0x00007FF72486213D]
	(No symbol) [0x00007FF724851629]
	BaseThreadInitThunk [0x00007FFE21634CB0+16]
	RtlUserThreadStart [0x00007FFE21D7EDCB+43]
</msg>
<arg>${locator}</arg>
<doc>Click the element identified by ``locator``.</doc>
<status status="FAIL" start="2024-11-21T05:03:03.423878" elapsed="1.141385">ElementClickInterceptedException: Message: element click intercepted: Element &lt;img alt="Inventory Management" loading="lazy" width="60" height="60" decoding="async" data-nimg="1" class="2xl:w-[60px] 2xl:h-[60px] lg:w-[50px] lg:h-[50px] md:w-[40px] md:h-[40px] sm:w-[30px] sm:h-[30px] z-1" style="color:transparent" srcset="/_next/image?url=%2Finventory-management-orange.png&amp;amp;w=64&amp;amp;q=75 1x, /_next/image?url=%2Finventory-management-orange.png&amp;amp;w=128&amp;amp;q=75 2x" src="/_next/image?url=%2Finventory-management-orange.png&amp;amp;w=128&amp;amp;q=75"&gt; is not clickable at point (413, 274). Other element would receive the click: &lt;div class="sm:mb-[100px] lg:mb-[174px]"&gt;...&lt;/div&gt;
  (Session info: chrome=131.0.6778.70)
Stacktrace:
	GetHandleVerifier [0x00007FF7248F2775+28773]
	(No symbol) [0x00007FF72485AFB0]
	(No symbol) [0x00007FF7246F552A]
	(No symbol) [0x00007FF724750B5E]
	(No symbol) [0x00007FF72474E5FC]
	(No symbol) [0x00007FF72474B7E6]
	(No symbol) [0x00007FF72474A741]
	(No symbol) [0x00007FF72473C970]
	(No symbol) [0x00007FF72476EF9A]
	(No symbol) [0x00007FF72473C1C6]
	(No symbol) [0x00007FF72476F1B0]
	(No symbol) [0x00007FF72478F1A4]
	(No symbol) [0x00007FF72476ED43]
	(No symbol) [0x00007FF72473A548]
	(No symbol) [0x00007FF72473B6B1]
	GetHandleVerifier [0x00007FF724C1F45D+3358029]
	GetHandleVerifier [0x00007FF724C3430D+3443709]
	GetHandleVerifier [0x00007FF724C283FD+3394797]
	GetHandleVerifier [0x00007FF7249B929B+842635]
	(No symbol) [0x00007FF72486654F]
	(No symbol) [0x00007FF724861FA4]
	(No symbol) [0x00007FF72486213D]
	(No symbol) [0x00007FF724851629]
	BaseThreadInitThunk [0x00007FFE21634CB0+16]
	RtlUserThreadStart [0x00007FFE21D7EDCB+43]
</status>
</kw>
<msg time="2024-11-21T05:03:04.565263" level="INFO">${actual_status} = False</msg>
<var>${actual_status}</var>
<arg>Click Element</arg>
<arg>${locator}</arg>
<doc>Runs the given keyword with given arguments and returns the status as a Boolean value.</doc>
<status status="PASS" start="2024-11-21T05:03:03.423878" elapsed="1.141385"/>
</kw>
<kw name="Should Be Equal" owner="BuiltIn">
<arg>${actual_status}</arg>
<arg>${expected_status}</arg>
<doc>Fails if the given objects are unequal.</doc>
<status status="PASS" start="2024-11-21T05:03:04.565263" elapsed="0.000000"/>
</kw>
<arg>${locator}</arg>
<arg>${False}</arg>
<status status="PASS" start="2024-11-21T05:03:03.423878" elapsed="1.141385"/>
</kw>
<arg>${INVENTORY_LINK}</arg>
<status status="PASS" start="2024-11-21T05:03:03.423878" elapsed="1.141385"/>
</kw>
<kw name="AND The link should be clickable" owner="KadenaApp">
<kw name="Verify element if clickable" owner="Home">
<kw name="Run Keyword And Return Status" owner="BuiltIn">
<kw name="Click Element" owner="SeleniumLibrary">
<msg time="2024-11-21T05:03:04.580894" level="INFO">Clicking element 'css=img[alt="Forecasting"]'.</msg>
<arg>${locator}</arg>
<doc>Click the element identified by ``locator``.</doc>
<status status="PASS" start="2024-11-21T05:03:04.580894" elapsed="1.950209"/>
</kw>
<msg time="2024-11-21T05:03:06.531873" level="INFO">${actual_status} = True</msg>
<var>${actual_status}</var>
<arg>Click Element</arg>
<arg>${locator}</arg>
<doc>Runs the given keyword with given arguments and returns the status as a Boolean value.</doc>
<status status="PASS" start="2024-11-21T05:03:04.565263" elapsed="1.966610"/>
</kw>
<kw name="Should Be Equal" owner="BuiltIn">
<arg>${actual_status}</arg>
<arg>${expected_status}</arg>
<doc>Fails if the given objects are unequal.</doc>
<status status="PASS" start="2024-11-21T05:03:06.531873" elapsed="0.000000"/>
</kw>
<arg>${locator}</arg>
<arg>${True}</arg>
<status status="PASS" start="2024-11-21T05:03:04.565263" elapsed="1.966610"/>
</kw>
<arg>${FORECAST_LINK}</arg>
<status status="PASS" start="2024-11-21T05:03:04.565263" elapsed="1.966610"/>
</kw>
<kw name="THEN I should be redirected to the" owner="KadenaApp">
<kw name="I redirected to the" owner="Home">
<kw name="Wait Until Page Contains" owner="SeleniumLibrary">
<arg>${text}</arg>
<doc>Waits until ``text`` appears on the current page.</doc>
<status status="PASS" start="2024-11-21T05:03:06.532878" elapsed="1.579899"/>
</kw>
<arg>${text}</arg>
<status status="PASS" start="2024-11-21T05:03:06.532878" elapsed="1.579899"/>
</kw>
<arg>Forecasting</arg>
<status status="PASS" start="2024-11-21T05:03:06.531873" elapsed="1.580904"/>
</kw>
<kw name="Close Test Browser" owner="Common" type="TEARDOWN">
<kw name="Wait Until Keyword Succeeds" owner="BuiltIn">
<kw name="Capture Page Screenshot" owner="SeleniumLibrary">
<msg time="2024-11-21T05:03:08.154092" level="INFO" html="true">&lt;/td&gt;&lt;/tr&gt;&lt;tr&gt;&lt;td colspan="3"&gt;&lt;a href="../testsuites/screenshots/selenium-screenshot-6.png"&gt;&lt;img src="../testsuites/screenshots/selenium-screenshot-6.png" width="800px"&gt;&lt;/a&gt;</msg>
<doc>Takes a screenshot of the current page and embeds it into a log file.</doc>
<status status="PASS" start="2024-11-21T05:03:08.112777" elapsed="0.041315"/>
</kw>
<arg>10</arg>
<arg>1s</arg>
<arg>Capture Page Screenshot</arg>
<doc>Runs the specified keyword and retries if it fails.</doc>
<status status="PASS" start="2024-11-21T05:03:08.112777" elapsed="0.042318"/>
</kw>
<kw name="Close All Browsers" owner="SeleniumLibrary">
<doc>Closes all open browsers and resets the browser cache.</doc>
<status status="PASS" start="2024-11-21T05:03:08.155095" elapsed="6.142807"/>
</kw>
<status status="PASS" start="2024-11-21T05:03:08.112777" elapsed="6.185125"/>
</kw>
<doc>Login with access to Forecasting</doc>
<tag>fcast</tag>
<tag>M0MAIN-SIT-002</tag>
<tag>TS-SIT-001</tag>
<status status="PASS" start="2024-11-21T05:02:52.015889" elapsed="22.282554"/>
</test>
<test id="s1-t4" name="Test Scenario 4: Login with access to Supply Planning modules" line="53">
<kw name="Open Test Browser" owner="Common" type="SETUP">
<kw name="Set Selenium Timeout" owner="SeleniumLibrary">
<arg>10s</arg>
<doc>Sets the timeout that is used by various keywords.</doc>
<status status="PASS" start="2024-11-21T05:03:14.298443" elapsed="0.000000"/>
</kw>
<kw name="Empty Directory" owner="OperatingSystem">
<msg time="2024-11-21T05:03:14.298443" level="INFO" html="true">Listing contents of directory '&lt;a href="file://D:\a\KadenaTestAutomation\KadenaTestAutomation\testsuites\screenshots"&gt;D:\a\KadenaTestAutomation\KadenaTestAutomation\testsuites\screenshots&lt;/a&gt;'.</msg>
<msg time="2024-11-21T05:03:14.298443" level="INFO" html="true">Emptied directory '&lt;a href="file://D:\a\KadenaTestAutomation\KadenaTestAutomation\testsuites\screenshots"&gt;D:\a\KadenaTestAutomation\KadenaTestAutomation\testsuites\screenshots&lt;/a&gt;'.</msg>
<arg>testsuites/screenshots</arg>
<doc>Deletes all the content from the given directory.</doc>
<status status="PASS" start="2024-11-21T05:03:14.298443" elapsed="0.000000"/>
</kw>
<kw name="Set Screenshot Directory" owner="SeleniumLibrary">
<arg>testsuites/screenshots</arg>
<doc>Sets the directory for captured screenshots.</doc>
<status status="PASS" start="2024-11-21T05:03:14.298443" elapsed="0.000000"/>
</kw>
<kw name="Evaluate" owner="BuiltIn">
<msg time="2024-11-21T05:03:14.298443" level="INFO">${options} = &lt;selenium.webdriver.chrome.options.Options object at 0x0000028DC1D06E10&gt;</msg>
<var>${options}</var>
<arg>sys.modules['selenium.webdriver'].${name}Options()</arg>
<arg>sys, selenium.webdriver</arg>
<doc>Evaluates the given expression in Python and returns the result.</doc>
<status status="PASS" start="2024-11-21T05:03:14.298443" elapsed="0.000000"/>
</kw>
<kw name="Call Method" owner="BuiltIn">
<arg>${options}</arg>
<arg>add_argument</arg>
<arg>--incognito</arg>
<doc>Calls the named method of the given object with the provided arguments.</doc>
<status status="PASS" start="2024-11-21T05:03:14.298443" elapsed="0.000000"/>
</kw>
<kw name="Create Webdriver" owner="SeleniumLibrary">
<msg time="2024-11-21T05:03:14.298443" level="INFO">Creating an instance of the Chrome WebDriver.</msg>
<arg>${name}</arg>
<arg>options=${options}</arg>
<doc>Creates an instance of Selenium WebDriver.</doc>
<status status="PASS" start="2024-11-21T05:03:14.298443" elapsed="1.340193"/>
</kw>
<kw name="Maximize Browser Window" owner="SeleniumLibrary">
<doc>Maximizes current browser window.</doc>
<status status="PASS" start="2024-11-21T05:03:15.638636" elapsed="0.027734"/>
</kw>
<arg>${BROWSER_NAME}</arg>
<status status="PASS" start="2024-11-21T05:03:14.298443" elapsed="1.367927"/>
</kw>
<kw name="GIVEN I go to Login page" owner="KadenaApp">
<kw name="Navigate to login page" owner="Login">
<kw name="Go To" owner="SeleniumLibrary">
<msg time="2024-11-21T05:03:15.667362" level="INFO">Opening url 'https://kadena.test.amihan.net/'</msg>
<arg>${LOGINPAGE_URL}</arg>
<doc>Navigates the current browser window to the provided ``url``.</doc>
<status status="PASS" start="2024-11-21T05:03:15.667362" elapsed="2.906022"/>
</kw>
<status status="PASS" start="2024-11-21T05:03:15.667362" elapsed="2.906022"/>
</kw>
<kw name="Verify Page Loaded" owner="Login">
<kw name="Wait Until Page Contains" owner="SeleniumLibrary">
<arg>${LOGIN_HEADER}</arg>
<doc>Waits until ``text`` appears on the current page.</doc>
<status status="PASS" start="2024-11-21T05:03:18.573958" elapsed="0.014795"/>
</kw>
<status status="PASS" start="2024-11-21T05:03:18.573958" elapsed="0.014795"/>
</kw>
<status status="PASS" start="2024-11-21T05:03:15.666370" elapsed="2.922383"/>
</kw>
<kw name="AND I enter" owner="KadenaApp">
<kw name="Enter Credential" owner="Login">
<kw name="Input Text" owner="SeleniumLibrary">
<msg time="2024-11-21T05:03:18.590091" level="INFO">Typing text 'econsista@agsx.net' into text field 'id=username'.</msg>
<arg>${locator}</arg>
<arg>${credential}</arg>
<doc>Types the given ``text`` into the text field identified by ``locator``.</doc>
<status status="PASS" start="2024-11-21T05:03:18.590091" elapsed="0.088443"/>
</kw>
<arg>${credential}</arg>
<arg>${locator}</arg>
<status status="PASS" start="2024-11-21T05:03:18.589507" elapsed="0.089027"/>
</kw>
<arg>${VALID_FORECASTING_EMAIL}</arg>
<arg>${EMAIL}</arg>
<status status="PASS" start="2024-11-21T05:03:18.588753" elapsed="0.089781"/>
</kw>
<kw name="AND I enter" owner="KadenaApp">
<kw name="Enter Credential" owner="Login">
<kw name="Input Text" owner="SeleniumLibrary">
<msg time="2024-11-21T05:03:18.679499" level="INFO">Typing text 'password' into text field 'id=password'.</msg>
<arg>${locator}</arg>
<arg>${credential}</arg>
<doc>Types the given ``text`` into the text field identified by ``locator``.</doc>
<status status="PASS" start="2024-11-21T05:03:18.679499" elapsed="0.080939"/>
</kw>
<arg>${credential}</arg>
<arg>${locator}</arg>
<status status="PASS" start="2024-11-21T05:03:18.679499" elapsed="0.080939"/>
</kw>
<arg>${VALID_PASSWORD}</arg>
<arg>${PASSWORD}</arg>
<status status="PASS" start="2024-11-21T05:03:18.678534" elapsed="0.081904"/>
</kw>
<kw name="WHEN I click the button" owner="KadenaApp">
<kw name="Click submit button" owner="Login">
<kw name="Click Button" owner="SeleniumLibrary">
<msg time="2024-11-21T05:03:18.761437" level="INFO">Clicking button 'name=login'.</msg>
<arg>${locator}</arg>
<doc>Clicks the button identified by ``locator``.</doc>
<status status="PASS" start="2024-11-21T05:03:18.761437" elapsed="2.694323"/>
</kw>
<arg>${locator}</arg>
<status status="PASS" start="2024-11-21T05:03:18.761437" elapsed="2.695330"/>
</kw>
<arg>${LOGIN_BUTTON}</arg>
<status status="PASS" start="2024-11-21T05:03:18.760438" elapsed="2.696485"/>
</kw>
<kw name="AND A message should display" owner="KadenaApp">
<kw name="Validate Error Message" owner="Login">
<kw name="Page Should Contain" owner="SeleniumLibrary">
<msg time="2024-11-21T05:03:21.491771" level="INFO">Current page contains text 'Welcome'.</msg>
<arg>${text}</arg>
<doc>Verifies that current page contains ``text``.</doc>
<status status="PASS" start="2024-11-21T05:03:21.457928" elapsed="0.033843"/>
</kw>
<arg>${text}</arg>
<status status="PASS" start="2024-11-21T05:03:21.456923" elapsed="0.035847"/>
</kw>
<arg>Welcome</arg>
<status status="PASS" start="2024-11-21T05:03:21.456923" elapsed="0.035847"/>
</kw>
<kw name="AND The link should not be clickable" owner="KadenaApp">
<kw name="Verify element if clickable" owner="Home">
<kw name="Run Keyword And Return Status" owner="BuiltIn">
<kw name="Click Element" owner="SeleniumLibrary">
<msg time="2024-11-21T05:03:21.493769" level="INFO">Clicking element 'css=img[alt="Ordering"]'.</msg>
<msg time="2024-11-21T05:03:22.660280" level="INFO" html="true">&lt;/td&gt;&lt;/tr&gt;&lt;tr&gt;&lt;td colspan="3"&gt;&lt;a href="../testsuites/screenshots/selenium-screenshot-1.png"&gt;&lt;img src="../testsuites/screenshots/selenium-screenshot-1.png" width="800px"&gt;&lt;/a&gt;</msg>
<msg time="2024-11-21T05:03:22.660280" level="FAIL">ElementClickInterceptedException: Message: element click intercepted: Element &lt;img alt="Ordering" loading="lazy" width="60" height="60" decoding="async" data-nimg="1" class="2xl:w-[60px] 2xl:h-[60px] lg:w-[50px] lg:h-[50px] md:w-[40px] md:h-[40px] sm:w-[30px] sm:h-[30px] z-1" style="color:transparent" srcset="/_next/image?url=%2Fordering-orange.png&amp;amp;w=64&amp;amp;q=75 1x, /_next/image?url=%2Fordering-orange.png&amp;amp;w=128&amp;amp;q=75 2x" src="/_next/image?url=%2Fordering-orange.png&amp;amp;w=128&amp;amp;q=75"&gt; is not clickable at point (941, 302). Other element would receive the click: &lt;div class="relative sm:ml-[5%] xl:ml-[10%] my-auto min-w-[255px]"&gt;...&lt;/div&gt;
  (Session info: chrome=131.0.6778.70)
Stacktrace:
	GetHandleVerifier [0x00007FF7248F2775+28773]
	(No symbol) [0x00007FF72485AFB0]
	(No symbol) [0x00007FF7246F552A]
	(No symbol) [0x00007FF724750B5E]
	(No symbol) [0x00007FF72474E5FC]
	(No symbol) [0x00007FF72474B7E6]
	(No symbol) [0x00007FF72474A741]
	(No symbol) [0x00007FF72473C970]
	(No symbol) [0x00007FF72476EF9A]
	(No symbol) [0x00007FF72473C1C6]
	(No symbol) [0x00007FF72476F1B0]
	(No symbol) [0x00007FF72478F1A4]
	(No symbol) [0x00007FF72476ED43]
	(No symbol) [0x00007FF72473A548]
	(No symbol) [0x00007FF72473B6B1]
	GetHandleVerifier [0x00007FF724C1F45D+3358029]
	GetHandleVerifier [0x00007FF724C3430D+3443709]
	GetHandleVerifier [0x00007FF724C283FD+3394797]
	GetHandleVerifier [0x00007FF7249B929B+842635]
	(No symbol) [0x00007FF72486654F]
	(No symbol) [0x00007FF724861FA4]
	(No symbol) [0x00007FF72486213D]
	(No symbol) [0x00007FF724851629]
	BaseThreadInitThunk [0x00007FFE21634CB0+16]
	RtlUserThreadStart [0x00007FFE21D7EDCB+43]
</msg>
<arg>${locator}</arg>
<doc>Click the element identified by ``locator``.</doc>
<status status="FAIL" start="2024-11-21T05:03:21.493769" elapsed="1.167643">ElementClickInterceptedException: Message: element click intercepted: Element &lt;img alt="Ordering" loading="lazy" width="60" height="60" decoding="async" data-nimg="1" class="2xl:w-[60px] 2xl:h-[60px] lg:w-[50px] lg:h-[50px] md:w-[40px] md:h-[40px] sm:w-[30px] sm:h-[30px] z-1" style="color:transparent" srcset="/_next/image?url=%2Fordering-orange.png&amp;amp;w=64&amp;amp;q=75 1x, /_next/image?url=%2Fordering-orange.png&amp;amp;w=128&amp;amp;q=75 2x" src="/_next/image?url=%2Fordering-orange.png&amp;amp;w=128&amp;amp;q=75"&gt; is not clickable at point (941, 302). Other element would receive the click: &lt;div class="relative sm:ml-[5%] xl:ml-[10%] my-auto min-w-[255px]"&gt;...&lt;/div&gt;
  (Session info: chrome=131.0.6778.70)
Stacktrace:
	GetHandleVerifier [0x00007FF7248F2775+28773]
	(No symbol) [0x00007FF72485AFB0]
	(No symbol) [0x00007FF7246F552A]
	(No symbol) [0x00007FF724750B5E]
	(No symbol) [0x00007FF72474E5FC]
	(No symbol) [0x00007FF72474B7E6]
	(No symbol) [0x00007FF72474A741]
	(No symbol) [0x00007FF72473C970]
	(No symbol) [0x00007FF72476EF9A]
	(No symbol) [0x00007FF72473C1C6]
	(No symbol) [0x00007FF72476F1B0]
	(No symbol) [0x00007FF72478F1A4]
	(No symbol) [0x00007FF72476ED43]
	(No symbol) [0x00007FF72473A548]
	(No symbol) [0x00007FF72473B6B1]
	GetHandleVerifier [0x00007FF724C1F45D+3358029]
	GetHandleVerifier [0x00007FF724C3430D+3443709]
	GetHandleVerifier [0x00007FF724C283FD+3394797]
	GetHandleVerifier [0x00007FF7249B929B+842635]
	(No symbol) [0x00007FF72486654F]
	(No symbol) [0x00007FF724861FA4]
	(No symbol) [0x00007FF72486213D]
	(No symbol) [0x00007FF724851629]
	BaseThreadInitThunk [0x00007FFE21634CB0+16]
	RtlUserThreadStart [0x00007FFE21D7EDCB+43]
</status>
</kw>
<msg time="2024-11-21T05:03:22.661412" level="INFO">${actual_status} = False</msg>
<var>${actual_status}</var>
<arg>Click Element</arg>
<arg>${locator}</arg>
<doc>Runs the given keyword with given arguments and returns the status as a Boolean value.</doc>
<status status="PASS" start="2024-11-21T05:03:21.493769" elapsed="1.167643"/>
</kw>
<kw name="Should Be Equal" owner="BuiltIn">
<arg>${actual_status}</arg>
<arg>${expected_status}</arg>
<doc>Fails if the given objects are unequal.</doc>
<status status="PASS" start="2024-11-21T05:03:22.661971" elapsed="0.000000"/>
</kw>
<arg>${locator}</arg>
<arg>${False}</arg>
<status status="PASS" start="2024-11-21T05:03:21.493769" elapsed="1.168202"/>
</kw>
<arg>${ORDERING_LINK}</arg>
<status status="PASS" start="2024-11-21T05:03:21.492770" elapsed="1.169201"/>
</kw>
<kw name="AND The link should not be clickable" owner="KadenaApp">
<kw name="Verify element if clickable" owner="Home">
<kw name="Run Keyword And Return Status" owner="BuiltIn">
<kw name="Click Element" owner="SeleniumLibrary">
<msg time="2024-11-21T05:03:22.663647" level="INFO">Clicking element 'css=img[alt="Procurement"]'.</msg>
<msg time="2024-11-21T05:03:23.832037" level="INFO" html="true">&lt;/td&gt;&lt;/tr&gt;&lt;tr&gt;&lt;td colspan="3"&gt;&lt;a href="../testsuites/screenshots/selenium-screenshot-2.png"&gt;&lt;img src="../testsuites/screenshots/selenium-screenshot-2.png" width="800px"&gt;&lt;/a&gt;</msg>
<msg time="2024-11-21T05:03:23.832605" level="FAIL">ElementClickInterceptedException: Message: element click intercepted: Element &lt;img alt="Procurement" loading="lazy" width="60" height="60" decoding="async" data-nimg="1" class="2xl:w-[60px] 2xl:h-[60px] lg:w-[50px] lg:h-[50px] md:w-[40px] md:h-[40px] sm:w-[30px] sm:h-[30px] z-1" style="color:transparent" srcset="/_next/image?url=%2Fprocurement-orange.png&amp;amp;w=64&amp;amp;q=75 1x, /_next/image?url=%2Fprocurement-orange.png&amp;amp;w=128&amp;amp;q=75 2x" src="/_next/image?url=%2Fprocurement-orange.png&amp;amp;w=128&amp;amp;q=75"&gt; is not clickable at point (853, 494). Other element would receive the click: &lt;div class="relative sm:ml-[5%] xl:ml-[10%] my-auto min-w-[255px]"&gt;...&lt;/div&gt;
  (Session info: chrome=131.0.6778.70)
Stacktrace:
	GetHandleVerifier [0x00007FF7248F2775+28773]
	(No symbol) [0x00007FF72485AFB0]
	(No symbol) [0x00007FF7246F552A]
	(No symbol) [0x00007FF724750B5E]
	(No symbol) [0x00007FF72474E5FC]
	(No symbol) [0x00007FF72474B7E6]
	(No symbol) [0x00007FF72474A741]
	(No symbol) [0x00007FF72473C970]
	(No symbol) [0x00007FF72476EF9A]
	(No symbol) [0x00007FF72473C1C6]
	(No symbol) [0x00007FF72476F1B0]
	(No symbol) [0x00007FF72478F1A4]
	(No symbol) [0x00007FF72476ED43]
	(No symbol) [0x00007FF72473A548]
	(No symbol) [0x00007FF72473B6B1]
	GetHandleVerifier [0x00007FF724C1F45D+3358029]
	GetHandleVerifier [0x00007FF724C3430D+3443709]
	GetHandleVerifier [0x00007FF724C283FD+3394797]
	GetHandleVerifier [0x00007FF7249B929B+842635]
	(No symbol) [0x00007FF72486654F]
	(No symbol) [0x00007FF724861FA4]
	(No symbol) [0x00007FF72486213D]
	(No symbol) [0x00007FF724851629]
	BaseThreadInitThunk [0x00007FFE21634CB0+16]
	RtlUserThreadStart [0x00007FFE21D7EDCB+43]
</msg>
<arg>${locator}</arg>
<doc>Click the element identified by ``locator``.</doc>
<status status="FAIL" start="2024-11-21T05:03:22.663090" elapsed="1.170079">ElementClickInterceptedException: Message: element click intercepted: Element &lt;img alt="Procurement" loading="lazy" width="60" height="60" decoding="async" data-nimg="1" class="2xl:w-[60px] 2xl:h-[60px] lg:w-[50px] lg:h-[50px] md:w-[40px] md:h-[40px] sm:w-[30px] sm:h-[30px] z-1" style="color:transparent" srcset="/_next/image?url=%2Fprocurement-orange.png&amp;amp;w=64&amp;amp;q=75 1x, /_next/image?url=%2Fprocurement-orange.png&amp;amp;w=128&amp;amp;q=75 2x" src="/_next/image?url=%2Fprocurement-orange.png&amp;amp;w=128&amp;amp;q=75"&gt; is not clickable at point (853, 494). Other element would receive the click: &lt;div class="relative sm:ml-[5%] xl:ml-[10%] my-auto min-w-[255px]"&gt;...&lt;/div&gt;
  (Session info: chrome=131.0.6778.70)
Stacktrace:
	GetHandleVerifier [0x00007FF7248F2775+28773]
	(No symbol) [0x00007FF72485AFB0]
	(No symbol) [0x00007FF7246F552A]
	(No symbol) [0x00007FF724750B5E]
	(No symbol) [0x00007FF72474E5FC]
	(No symbol) [0x00007FF72474B7E6]
	(No symbol) [0x00007FF72474A741]
	(No symbol) [0x00007FF72473C970]
	(No symbol) [0x00007FF72476EF9A]
	(No symbol) [0x00007FF72473C1C6]
	(No symbol) [0x00007FF72476F1B0]
	(No symbol) [0x00007FF72478F1A4]
	(No symbol) [0x00007FF72476ED43]
	(No symbol) [0x00007FF72473A548]
	(No symbol) [0x00007FF72473B6B1]
	GetHandleVerifier [0x00007FF724C1F45D+3358029]
	GetHandleVerifier [0x00007FF724C3430D+3443709]
	GetHandleVerifier [0x00007FF724C283FD+3394797]
	GetHandleVerifier [0x00007FF7249B929B+842635]
	(No symbol) [0x00007FF72486654F]
	(No symbol) [0x00007FF724861FA4]
	(No symbol) [0x00007FF72486213D]
	(No symbol) [0x00007FF724851629]
	BaseThreadInitThunk [0x00007FFE21634CB0+16]
	RtlUserThreadStart [0x00007FFE21D7EDCB+43]
</status>
</kw>
<msg time="2024-11-21T05:03:23.833169" level="INFO">${actual_status} = False</msg>
<var>${actual_status}</var>
<arg>Click Element</arg>
<arg>${locator}</arg>
<doc>Runs the given keyword with given arguments and returns the status as a Boolean value.</doc>
<status status="PASS" start="2024-11-21T05:03:22.663090" elapsed="1.170596"/>
</kw>
<kw name="Should Be Equal" owner="BuiltIn">
<arg>${actual_status}</arg>
<arg>${expected_status}</arg>
<doc>Fails if the given objects are unequal.</doc>
<status status="PASS" start="2024-11-21T05:03:23.833734" elapsed="0.000000"/>
</kw>
<arg>${locator}</arg>
<arg>${False}</arg>
<status status="PASS" start="2024-11-21T05:03:22.662530" elapsed="1.171204"/>
</kw>
<arg>${PROCUREMENT_LINK}</arg>
<status status="PASS" start="2024-11-21T05:03:22.662530" elapsed="1.171768"/>
</kw>
<kw name="AND The link should not be clickable" owner="KadenaApp">
<kw name="Verify element if clickable" owner="Home">
<kw name="Run Keyword And Return Status" owner="BuiltIn">
<kw name="Click Element" owner="SeleniumLibrary">
<msg time="2024-11-21T05:03:23.835426" level="INFO">Clicking element 'css=img[alt="Vendor Portal"]'.</msg>
<msg time="2024-11-21T05:03:24.988013" level="INFO" html="true">&lt;/td&gt;&lt;/tr&gt;&lt;tr&gt;&lt;td colspan="3"&gt;&lt;a href="../testsuites/screenshots/selenium-screenshot-3.png"&gt;&lt;img src="../testsuites/screenshots/selenium-screenshot-3.png" width="800px"&gt;&lt;/a&gt;</msg>
<msg time="2024-11-21T05:03:24.988013" level="FAIL">ElementClickInterceptedException: Message: element click intercepted: Element &lt;img alt="Vendor Portal" loading="lazy" width="60" height="60" decoding="async" data-nimg="1" class="2xl:w-[60px] 2xl:h-[60px] lg:w-[50px] lg:h-[50px] md:w-[40px] md:h-[40px] sm:w-[30px] sm:h-[30px] z-1" style="color:transparent" srcset="/_next/image?url=%2Fvendor-portal-orange.png&amp;amp;w=64&amp;amp;q=75 1x, /_next/image?url=%2Fvendor-portal-orange.png&amp;amp;w=128&amp;amp;q=75 2x" src="/_next/image?url=%2Fvendor-portal-orange.png&amp;amp;w=128&amp;amp;q=75"&gt; is not clickable at point (653, 542). Other element would receive the click: &lt;div class="absolute inset-0"&gt;...&lt;/div&gt;
  (Session info: chrome=131.0.6778.70)
Stacktrace:
	GetHandleVerifier [0x00007FF7248F2775+28773]
	(No symbol) [0x00007FF72485AFB0]
	(No symbol) [0x00007FF7246F552A]
	(No symbol) [0x00007FF724750B5E]
	(No symbol) [0x00007FF72474E5FC]
	(No symbol) [0x00007FF72474B7E6]
	(No symbol) [0x00007FF72474A741]
	(No symbol) [0x00007FF72473C970]
	(No symbol) [0x00007FF72476EF9A]
	(No symbol) [0x00007FF72473C1C6]
	(No symbol) [0x00007FF72476F1B0]
	(No symbol) [0x00007FF72478F1A4]
	(No symbol) [0x00007FF72476ED43]
	(No symbol) [0x00007FF72473A548]
	(No symbol) [0x00007FF72473B6B1]
	GetHandleVerifier [0x00007FF724C1F45D+3358029]
	GetHandleVerifier [0x00007FF724C3430D+3443709]
	GetHandleVerifier [0x00007FF724C283FD+3394797]
	GetHandleVerifier [0x00007FF7249B929B+842635]
	(No symbol) [0x00007FF72486654F]
	(No symbol) [0x00007FF724861FA4]
	(No symbol) [0x00007FF72486213D]
	(No symbol) [0x00007FF724851629]
	BaseThreadInitThunk [0x00007FFE21634CB0+16]
	RtlUserThreadStart [0x00007FFE21D7EDCB+43]
</msg>
<arg>${locator}</arg>
<doc>Click the element identified by ``locator``.</doc>
<status status="FAIL" start="2024-11-21T05:03:23.834862" elapsed="1.153151">ElementClickInterceptedException: Message: element click intercepted: Element &lt;img alt="Vendor Portal" loading="lazy" width="60" height="60" decoding="async" data-nimg="1" class="2xl:w-[60px] 2xl:h-[60px] lg:w-[50px] lg:h-[50px] md:w-[40px] md:h-[40px] sm:w-[30px] sm:h-[30px] z-1" style="color:transparent" srcset="/_next/image?url=%2Fvendor-portal-orange.png&amp;amp;w=64&amp;amp;q=75 1x, /_next/image?url=%2Fvendor-portal-orange.png&amp;amp;w=128&amp;amp;q=75 2x" src="/_next/image?url=%2Fvendor-portal-orange.png&amp;amp;w=128&amp;amp;q=75"&gt; is not clickable at point (653, 542). Other element would receive the click: &lt;div class="absolute inset-0"&gt;...&lt;/div&gt;
  (Session info: chrome=131.0.6778.70)
Stacktrace:
	GetHandleVerifier [0x00007FF7248F2775+28773]
	(No symbol) [0x00007FF72485AFB0]
	(No symbol) [0x00007FF7246F552A]
	(No symbol) [0x00007FF724750B5E]
	(No symbol) [0x00007FF72474E5FC]
	(No symbol) [0x00007FF72474B7E6]
	(No symbol) [0x00007FF72474A741]
	(No symbol) [0x00007FF72473C970]
	(No symbol) [0x00007FF72476EF9A]
	(No symbol) [0x00007FF72473C1C6]
	(No symbol) [0x00007FF72476F1B0]
	(No symbol) [0x00007FF72478F1A4]
	(No symbol) [0x00007FF72476ED43]
	(No symbol) [0x00007FF72473A548]
	(No symbol) [0x00007FF72473B6B1]
	GetHandleVerifier [0x00007FF724C1F45D+3358029]
	GetHandleVerifier [0x00007FF724C3430D+3443709]
	GetHandleVerifier [0x00007FF724C283FD+3394797]
	GetHandleVerifier [0x00007FF7249B929B+842635]
	(No symbol) [0x00007FF72486654F]
	(No symbol) [0x00007FF724861FA4]
	(No symbol) [0x00007FF72486213D]
	(No symbol) [0x00007FF724851629]
	BaseThreadInitThunk [0x00007FFE21634CB0+16]
	RtlUserThreadStart [0x00007FFE21D7EDCB+43]
</status>
</kw>
<msg time="2024-11-21T05:03:24.988013" level="INFO">${actual_status} = False</msg>
<var>${actual_status}</var>
<arg>Click Element</arg>
<arg>${locator}</arg>
<doc>Runs the given keyword with given arguments and returns the status as a Boolean value.</doc>
<status status="PASS" start="2024-11-21T05:03:23.834862" elapsed="1.153151"/>
</kw>
<kw name="Should Be Equal" owner="BuiltIn">
<arg>${actual_status}</arg>
<arg>${expected_status}</arg>
<doc>Fails if the given objects are unequal.</doc>
<status status="PASS" start="2024-11-21T05:03:24.988013" elapsed="0.000000"/>
</kw>
<arg>${locator}</arg>
<arg>${False}</arg>
<status status="PASS" start="2024-11-21T05:03:23.834298" elapsed="1.153715"/>
</kw>
<arg>${VENDOR_LINK}</arg>
<status status="PASS" start="2024-11-21T05:03:23.834298" elapsed="1.153715"/>
</kw>
<kw name="AND The link should not be clickable" owner="KadenaApp">
<kw name="Verify element if clickable" owner="Home">
<kw name="Run Keyword And Return Status" owner="BuiltIn">
<kw name="Click Element" owner="SeleniumLibrary">
<msg time="2024-11-21T05:03:24.988013" level="INFO">Clicking element 'css=img[alt="Quality Management"]'.</msg>
<msg time="2024-11-21T05:03:26.158019" level="INFO" html="true">&lt;/td&gt;&lt;/tr&gt;&lt;tr&gt;&lt;td colspan="3"&gt;&lt;a href="../testsuites/screenshots/selenium-screenshot-4.png"&gt;&lt;img src="../testsuites/screenshots/selenium-screenshot-4.png" width="800px"&gt;&lt;/a&gt;</msg>
<msg time="2024-11-21T05:03:26.158019" level="FAIL">ElementClickInterceptedException: Message: element click intercepted: Element &lt;img alt="Quality Management" loading="lazy" width="60" height="60" decoding="async" data-nimg="1" class="2xl:w-[60px] 2xl:h-[60px] lg:w-[50px] lg:h-[50px] md:w-[40px] md:h-[40px] sm:w-[30px] sm:h-[30px] z-1" style="color:transparent" srcset="/_next/image?url=%2Fquality-management-orange.png&amp;amp;w=64&amp;amp;q=75 1x, /_next/image?url=%2Fquality-management-orange.png&amp;amp;w=128&amp;amp;q=75 2x" src="/_next/image?url=%2Fquality-management-orange.png&amp;amp;w=128&amp;amp;q=75"&gt; is not clickable at point (461, 454). Other element would receive the click: &lt;div class="relative sm:ml-[5%] xl:ml-[10%] my-auto min-w-[255px]"&gt;...&lt;/div&gt;
  (Session info: chrome=131.0.6778.70)
Stacktrace:
	GetHandleVerifier [0x00007FF7248F2775+28773]
	(No symbol) [0x00007FF72485AFB0]
	(No symbol) [0x00007FF7246F552A]
	(No symbol) [0x00007FF724750B5E]
	(No symbol) [0x00007FF72474E5FC]
	(No symbol) [0x00007FF72474B7E6]
	(No symbol) [0x00007FF72474A741]
	(No symbol) [0x00007FF72473C970]
	(No symbol) [0x00007FF72476EF9A]
	(No symbol) [0x00007FF72473C1C6]
	(No symbol) [0x00007FF72476F1B0]
	(No symbol) [0x00007FF72478F1A4]
	(No symbol) [0x00007FF72476ED43]
	(No symbol) [0x00007FF72473A548]
	(No symbol) [0x00007FF72473B6B1]
	GetHandleVerifier [0x00007FF724C1F45D+3358029]
	GetHandleVerifier [0x00007FF724C3430D+3443709]
	GetHandleVerifier [0x00007FF724C283FD+3394797]
	GetHandleVerifier [0x00007FF7249B929B+842635]
	(No symbol) [0x00007FF72486654F]
	(No symbol) [0x00007FF724861FA4]
	(No symbol) [0x00007FF72486213D]
	(No symbol) [0x00007FF724851629]
	BaseThreadInitThunk [0x00007FFE21634CB0+16]
	RtlUserThreadStart [0x00007FFE21D7EDCB+43]
</msg>
<arg>${locator}</arg>
<doc>Click the element identified by ``locator``.</doc>
<status status="FAIL" start="2024-11-21T05:03:24.988013" elapsed="1.170006">ElementClickInterceptedException: Message: element click intercepted: Element &lt;img alt="Quality Management" loading="lazy" width="60" height="60" decoding="async" data-nimg="1" class="2xl:w-[60px] 2xl:h-[60px] lg:w-[50px] lg:h-[50px] md:w-[40px] md:h-[40px] sm:w-[30px] sm:h-[30px] z-1" style="color:transparent" srcset="/_next/image?url=%2Fquality-management-orange.png&amp;amp;w=64&amp;amp;q=75 1x, /_next/image?url=%2Fquality-management-orange.png&amp;amp;w=128&amp;amp;q=75 2x" src="/_next/image?url=%2Fquality-management-orange.png&amp;amp;w=128&amp;amp;q=75"&gt; is not clickable at point (461, 454). Other element would receive the click: &lt;div class="relative sm:ml-[5%] xl:ml-[10%] my-auto min-w-[255px]"&gt;...&lt;/div&gt;
  (Session info: chrome=131.0.6778.70)
Stacktrace:
	GetHandleVerifier [0x00007FF7248F2775+28773]
	(No symbol) [0x00007FF72485AFB0]
	(No symbol) [0x00007FF7246F552A]
	(No symbol) [0x00007FF724750B5E]
	(No symbol) [0x00007FF72474E5FC]
	(No symbol) [0x00007FF72474B7E6]
	(No symbol) [0x00007FF72474A741]
	(No symbol) [0x00007FF72473C970]
	(No symbol) [0x00007FF72476EF9A]
	(No symbol) [0x00007FF72473C1C6]
	(No symbol) [0x00007FF72476F1B0]
	(No symbol) [0x00007FF72478F1A4]
	(No symbol) [0x00007FF72476ED43]
	(No symbol) [0x00007FF72473A548]
	(No symbol) [0x00007FF72473B6B1]
	GetHandleVerifier [0x00007FF724C1F45D+3358029]
	GetHandleVerifier [0x00007FF724C3430D+3443709]
	GetHandleVerifier [0x00007FF724C283FD+3394797]
	GetHandleVerifier [0x00007FF7249B929B+842635]
	(No symbol) [0x00007FF72486654F]
	(No symbol) [0x00007FF724861FA4]
	(No symbol) [0x00007FF72486213D]
	(No symbol) [0x00007FF724851629]
	BaseThreadInitThunk [0x00007FFE21634CB0+16]
	RtlUserThreadStart [0x00007FFE21D7EDCB+43]
</status>
</kw>
<msg time="2024-11-21T05:03:26.158019" level="INFO">${actual_status} = False</msg>
<var>${actual_status}</var>
<arg>Click Element</arg>
<arg>${locator}</arg>
<doc>Runs the given keyword with given arguments and returns the status as a Boolean value.</doc>
<status status="PASS" start="2024-11-21T05:03:24.988013" elapsed="1.170006"/>
</kw>
<kw name="Should Be Equal" owner="BuiltIn">
<arg>${actual_status}</arg>
<arg>${expected_status}</arg>
<doc>Fails if the given objects are unequal.</doc>
<status status="PASS" start="2024-11-21T05:03:26.158019" elapsed="0.000000"/>
</kw>
<arg>${locator}</arg>
<arg>${False}</arg>
<status status="PASS" start="2024-11-21T05:03:24.988013" elapsed="1.170006"/>
</kw>
<arg>${QUALITY_LINK}</arg>
<status status="PASS" start="2024-11-21T05:03:24.988013" elapsed="1.170006"/>
</kw>
<kw name="AND The link should not be clickable" owner="KadenaApp">
<kw name="Verify element if clickable" owner="Home">
<kw name="Run Keyword And Return Status" owner="BuiltIn">
<kw name="Click Element" owner="SeleniumLibrary">
<msg time="2024-11-21T05:03:26.158019" level="INFO">Clicking element 'css=img[alt="Inventory Management"]'.</msg>
<msg time="2024-11-21T05:03:27.268157" level="INFO" html="true">&lt;/td&gt;&lt;/tr&gt;&lt;tr&gt;&lt;td colspan="3"&gt;&lt;a href="../testsuites/screenshots/selenium-screenshot-5.png"&gt;&lt;img src="../testsuites/screenshots/selenium-screenshot-5.png" width="800px"&gt;&lt;/a&gt;</msg>
<msg time="2024-11-21T05:03:27.268157" level="FAIL">ElementClickInterceptedException: Message: element click intercepted: Element &lt;img alt="Inventory Management" loading="lazy" width="60" height="60" decoding="async" data-nimg="1" class="2xl:w-[60px] 2xl:h-[60px] lg:w-[50px] lg:h-[50px] md:w-[40px] md:h-[40px] sm:w-[30px] sm:h-[30px] z-1" style="color:transparent" srcset="/_next/image?url=%2Finventory-management-orange.png&amp;amp;w=64&amp;amp;q=75 1x, /_next/image?url=%2Finventory-management-orange.png&amp;amp;w=128&amp;amp;q=75 2x" src="/_next/image?url=%2Finventory-management-orange.png&amp;amp;w=128&amp;amp;q=75"&gt; is not clickable at point (413, 274). Other element would receive the click: &lt;div class="sm:mb-[100px] lg:mb-[174px]"&gt;...&lt;/div&gt;
  (Session info: chrome=131.0.6778.70)
Stacktrace:
	GetHandleVerifier [0x00007FF7248F2775+28773]
	(No symbol) [0x00007FF72485AFB0]
	(No symbol) [0x00007FF7246F552A]
	(No symbol) [0x00007FF724750B5E]
	(No symbol) [0x00007FF72474E5FC]
	(No symbol) [0x00007FF72474B7E6]
	(No symbol) [0x00007FF72474A741]
	(No symbol) [0x00007FF72473C970]
	(No symbol) [0x00007FF72476EF9A]
	(No symbol) [0x00007FF72473C1C6]
	(No symbol) [0x00007FF72476F1B0]
	(No symbol) [0x00007FF72478F1A4]
	(No symbol) [0x00007FF72476ED43]
	(No symbol) [0x00007FF72473A548]
	(No symbol) [0x00007FF72473B6B1]
	GetHandleVerifier [0x00007FF724C1F45D+3358029]
	GetHandleVerifier [0x00007FF724C3430D+3443709]
	GetHandleVerifier [0x00007FF724C283FD+3394797]
	GetHandleVerifier [0x00007FF7249B929B+842635]
	(No symbol) [0x00007FF72486654F]
	(No symbol) [0x00007FF724861FA4]
	(No symbol) [0x00007FF72486213D]
	(No symbol) [0x00007FF724851629]
	BaseThreadInitThunk [0x00007FFE21634CB0+16]
	RtlUserThreadStart [0x00007FFE21D7EDCB+43]
</msg>
<arg>${locator}</arg>
<doc>Click the element identified by ``locator``.</doc>
<status status="FAIL" start="2024-11-21T05:03:26.158019" elapsed="1.110138">ElementClickInterceptedException: Message: element click intercepted: Element &lt;img alt="Inventory Management" loading="lazy" width="60" height="60" decoding="async" data-nimg="1" class="2xl:w-[60px] 2xl:h-[60px] lg:w-[50px] lg:h-[50px] md:w-[40px] md:h-[40px] sm:w-[30px] sm:h-[30px] z-1" style="color:transparent" srcset="/_next/image?url=%2Finventory-management-orange.png&amp;amp;w=64&amp;amp;q=75 1x, /_next/image?url=%2Finventory-management-orange.png&amp;amp;w=128&amp;amp;q=75 2x" src="/_next/image?url=%2Finventory-management-orange.png&amp;amp;w=128&amp;amp;q=75"&gt; is not clickable at point (413, 274). Other element would receive the click: &lt;div class="sm:mb-[100px] lg:mb-[174px]"&gt;...&lt;/div&gt;
  (Session info: chrome=131.0.6778.70)
Stacktrace:
	GetHandleVerifier [0x00007FF7248F2775+28773]
	(No symbol) [0x00007FF72485AFB0]
	(No symbol) [0x00007FF7246F552A]
	(No symbol) [0x00007FF724750B5E]
	(No symbol) [0x00007FF72474E5FC]
	(No symbol) [0x00007FF72474B7E6]
	(No symbol) [0x00007FF72474A741]
	(No symbol) [0x00007FF72473C970]
	(No symbol) [0x00007FF72476EF9A]
	(No symbol) [0x00007FF72473C1C6]
	(No symbol) [0x00007FF72476F1B0]
	(No symbol) [0x00007FF72478F1A4]
	(No symbol) [0x00007FF72476ED43]
	(No symbol) [0x00007FF72473A548]
	(No symbol) [0x00007FF72473B6B1]
	GetHandleVerifier [0x00007FF724C1F45D+3358029]
	GetHandleVerifier [0x00007FF724C3430D+3443709]
	GetHandleVerifier [0x00007FF724C283FD+3394797]
	GetHandleVerifier [0x00007FF7249B929B+842635]
	(No symbol) [0x00007FF72486654F]
	(No symbol) [0x00007FF724861FA4]
	(No symbol) [0x00007FF72486213D]
	(No symbol) [0x00007FF724851629]
	BaseThreadInitThunk [0x00007FFE21634CB0+16]
	RtlUserThreadStart [0x00007FFE21D7EDCB+43]
</status>
</kw>
<msg time="2024-11-21T05:03:27.268157" level="INFO">${actual_status} = False</msg>
<var>${actual_status}</var>
<arg>Click Element</arg>
<arg>${locator}</arg>
<doc>Runs the given keyword with given arguments and returns the status as a Boolean value.</doc>
<status status="PASS" start="2024-11-21T05:03:26.158019" elapsed="1.110138"/>
</kw>
<kw name="Should Be Equal" owner="BuiltIn">
<arg>${actual_status}</arg>
<arg>${expected_status}</arg>
<doc>Fails if the given objects are unequal.</doc>
<status status="PASS" start="2024-11-21T05:03:27.268157" elapsed="0.000000"/>
</kw>
<arg>${locator}</arg>
<arg>${False}</arg>
<status status="PASS" start="2024-11-21T05:03:26.158019" elapsed="1.110138"/>
</kw>
<arg>${INVENTORY_LINK}</arg>
<status status="PASS" start="2024-11-21T05:03:26.158019" elapsed="1.110138"/>
</kw>
<kw name="AND The link should be clickable" owner="KadenaApp">
<kw name="Verify element if clickable" owner="Home">
<kw name="Run Keyword And Return Status" owner="BuiltIn">
<kw name="Click Element" owner="SeleniumLibrary">
<msg time="2024-11-21T05:03:27.283792" level="INFO">Clicking element 'css=img[alt="Supply Planning"]'.</msg>
<arg>${locator}</arg>
<doc>Click the element identified by ``locator``.</doc>
<status status="PASS" start="2024-11-21T05:03:27.283792" elapsed="1.930869"/>
</kw>
<msg time="2024-11-21T05:03:29.215310" level="INFO">${actual_status} = True</msg>
<var>${actual_status}</var>
<arg>Click Element</arg>
<arg>${locator}</arg>
<doc>Runs the given keyword with given arguments and returns the status as a Boolean value.</doc>
<status status="PASS" start="2024-11-21T05:03:27.283792" elapsed="1.931518"/>
</kw>
<kw name="Should Be Equal" owner="BuiltIn">
<arg>${actual_status}</arg>
<arg>${expected_status}</arg>
<doc>Fails if the given objects are unequal.</doc>
<status status="PASS" start="2024-11-21T05:03:29.215310" elapsed="0.001008"/>
</kw>
<arg>${locator}</arg>
<arg>${True}</arg>
<status status="PASS" start="2024-11-21T05:03:27.283792" elapsed="1.932526"/>
</kw>
<arg>${SUPPLY_LINK}</arg>
<status status="PASS" start="2024-11-21T05:03:27.268157" elapsed="1.948161"/>
</kw>
<kw name="THEN I should be redirected to the" owner="KadenaApp">
<kw name="I redirected to the" owner="Home">
<kw name="Wait Until Page Contains" owner="SeleniumLibrary">
<arg>${text}</arg>
<doc>Waits until ``text`` appears on the current page.</doc>
<status status="PASS" start="2024-11-21T05:03:29.216318" elapsed="1.575078"/>
</kw>
<arg>${text}</arg>
<status status="PASS" start="2024-11-21T05:03:29.216318" elapsed="1.575078"/>
</kw>
<arg>Supply Planning</arg>
<status status="PASS" start="2024-11-21T05:03:29.216318" elapsed="1.575601"/>
</kw>
<kw name="Close Test Browser" owner="Common" type="TEARDOWN">
<kw name="Wait Until Keyword Succeeds" owner="BuiltIn">
<kw name="Capture Page Screenshot" owner="SeleniumLibrary">
<msg time="2024-11-21T05:03:30.828166" level="INFO" html="true">&lt;/td&gt;&lt;/tr&gt;&lt;tr&gt;&lt;td colspan="3"&gt;&lt;a href="../testsuites/screenshots/selenium-screenshot-6.png"&gt;&lt;img src="../testsuites/screenshots/selenium-screenshot-6.png" width="800px"&gt;&lt;/a&gt;</msg>
<doc>Takes a screenshot of the current page and embeds it into a log file.</doc>
<status status="PASS" start="2024-11-21T05:03:30.792482" elapsed="0.035684"/>
</kw>
<arg>10</arg>
<arg>1s</arg>
<arg>Capture Page Screenshot</arg>
<doc>Runs the specified keyword and retries if it fails.</doc>
<status status="PASS" start="2024-11-21T05:03:30.792482" elapsed="0.036418"/>
</kw>
<kw name="Close All Browsers" owner="SeleniumLibrary">
<doc>Closes all open browsers and resets the browser cache.</doc>
<status status="PASS" start="2024-11-21T05:03:30.828900" elapsed="6.124625"/>
</kw>
<status status="PASS" start="2024-11-21T05:03:30.791959" elapsed="6.162101"/>
</kw>
<doc>Login with access to Supply Planning</doc>
<tag>M0MAIN-SIT-002</tag>
<tag>TS-SIT-001</tag>
<status status="PASS" start="2024-11-21T05:03:14.298443" elapsed="22.655617"/>
</test>
<status status="PASS" start="2024-11-21T05:01:45.026357" elapsed="111.928376"/>
</suite>
<statistics>
<total>
<stat pass="4" fail="0" skip="0">All Tests</stat>
</total>
<tag>
<stat pass="1" fail="0" skip="0">fcast</stat>
<stat pass="2" fail="0" skip="0">M0MAIN-SIT-001</stat>
<stat pass="2" fail="0" skip="0">M0MAIN-SIT-002</stat>
<stat pass="4" fail="0" skip="0">TS-SIT-001</stat>
</tag>
<suite>
<stat pass="4" fail="0" skip="0" id="s1" name="Kadena Tests">Kadena Tests</stat>
</suite>
</statistics>
<errors>
<msg time="2024-11-21T05:01:45.041984" level="ERROR">Error in file 'D:\a\KadenaTestAutomation\KadenaTestAutomation\testsuites\Kadena_Tests.robot' on line 3: Resource file '..\variables\KadenaCredentials.robot' does not exist.</msg>
<msg time="2024-11-21T05:01:45.354467" level="WARN">Imported resource file 'D:\a\KadenaTestAutomation\KadenaTestAutomation\resources\PO\Ordering.robot' is empty.</msg>
</errors>
</robot>
