<?xml version="1.0" encoding="UTF-8"?>
<robot generator="Robot 7.1.1 (Python 3.12.7 on win32)" generated="2024-11-21T04:49:22.727289" rpa="false" schemaversion="5">
<suite id="s1" name="Kadena Tests" source="D:\a\KadenaTestAutomation\KadenaTestAutomation\testsuites\Kadena_Tests.robot">
<test id="s1-t1" name="Test Scenario 1: Login with invalid password" line="14">
<kw name="Open Test Browser" owner="Common" type="SETUP">
<kw name="Set Selenium Timeout" owner="SeleniumLibrary">
<arg>10s</arg>
<doc>Sets the timeout that is used by various keywords.</doc>
<status status="PASS" start="2024-11-21T04:49:22.992919" elapsed="0.000000"/>
</kw>
<kw name="Empty Directory" owner="OperatingSystem">
<msg time="2024-11-21T04:49:22.992919" level="INFO" html="true">Listing contents of directory '&lt;a href="file://D:\a\KadenaTestAutomation\KadenaTestAutomation\testsuites\screenshots"&gt;D:\a\KadenaTestAutomation\KadenaTestAutomation\testsuites\screenshots&lt;/a&gt;'.</msg>
<msg time="2024-11-21T04:49:22.992919" level="INFO" html="true">Emptied directory '&lt;a href="file://D:\a\KadenaTestAutomation\KadenaTestAutomation\testsuites\screenshots"&gt;D:\a\KadenaTestAutomation\KadenaTestAutomation\testsuites\screenshots&lt;/a&gt;'.</msg>
<arg>testsuites/screenshots</arg>
<doc>Deletes all the content from the given directory.</doc>
<status status="PASS" start="2024-11-21T04:49:22.992919" elapsed="0.000000"/>
</kw>
<kw name="Set Screenshot Directory" owner="SeleniumLibrary">
<arg>testsuites/screenshots</arg>
<doc>Sets the directory for captured screenshots.</doc>
<status status="PASS" start="2024-11-21T04:49:22.992919" elapsed="0.000000"/>
</kw>
<kw name="Evaluate" owner="BuiltIn">
<msg time="2024-11-21T04:49:22.992919" level="INFO">${options} = &lt;selenium.webdriver.chrome.options.Options object at 0x0000015AC51CD2B0&gt;</msg>
<var>${options}</var>
<arg>sys.modules['selenium.webdriver'].${name}Options()</arg>
<arg>sys, selenium.webdriver</arg>
<doc>Evaluates the given expression in Python and returns the result.</doc>
<status status="PASS" start="2024-11-21T04:49:22.992919" elapsed="0.000000"/>
</kw>
<kw name="Call Method" owner="BuiltIn">
<arg>${options}</arg>
<arg>add_argument</arg>
<arg>--incognito</arg>
<doc>Calls the named method of the given object with the provided arguments.</doc>
<status status="PASS" start="2024-11-21T04:49:22.992919" elapsed="0.000000"/>
</kw>
<kw name="Create Webdriver" owner="SeleniumLibrary">
<msg time="2024-11-21T04:49:22.992919" level="INFO">Creating an instance of the Chrome WebDriver.</msg>
<arg>${name}</arg>
<arg>options=${options}</arg>
<doc>Creates an instance of Selenium WebDriver.</doc>
<status status="PASS" start="2024-11-21T04:49:22.992919" elapsed="10.455580"/>
</kw>
<kw name="Maximize Browser Window" owner="SeleniumLibrary">
<doc>Maximizes current browser window.</doc>
<status status="PASS" start="2024-11-21T04:49:33.448499" elapsed="0.030015"/>
</kw>
<arg>${BROWSER_NAME}</arg>
<status status="PASS" start="2024-11-21T04:49:22.992919" elapsed="10.485595"/>
</kw>
<kw name="GIVEN I go to Login page" owner="KadenaApp">
<kw name="Navigate to login page" owner="Login">
<kw name="Go To" owner="SeleniumLibrary">
<msg time="2024-11-21T04:49:33.479511" level="INFO">Opening url 'https://kadena.test.amihan.net/'</msg>
<arg>${LOGINPAGE_URL}</arg>
<doc>Navigates the current browser window to the provided ``url``.</doc>
<status status="PASS" start="2024-11-21T04:49:33.479511" elapsed="2.086605"/>
</kw>
<status status="PASS" start="2024-11-21T04:49:33.479511" elapsed="2.086605"/>
</kw>
<kw name="Verify Page Loaded" owner="Login">
<kw name="Wait Until Page Contains" owner="SeleniumLibrary">
<arg>${LOGIN_HEADER}</arg>
<doc>Waits until ``text`` appears on the current page.</doc>
<status status="PASS" start="2024-11-21T04:49:35.567114" elapsed="0.026753"/>
</kw>
<status status="PASS" start="2024-11-21T04:49:35.566116" elapsed="0.027751"/>
</kw>
<status status="PASS" start="2024-11-21T04:49:33.478514" elapsed="2.115353"/>
</kw>
<kw name="AND I enter" owner="KadenaApp">
<msg time="2024-11-21T04:49:35.594876" level="FAIL">Variable '${VALID_ORDERING_EMAIL}' not found.</msg>
<arg>${VALID_ORDERING_EMAIL}</arg>
<arg>${EMAIL}</arg>
<status status="FAIL" start="2024-11-21T04:49:35.594876" elapsed="0.000000">Variable '${VALID_ORDERING_EMAIL}' not found.</status>
</kw>
<kw name="AND I enter" owner="KadenaApp">
<arg>${INVALID_PASSWORD}</arg>
<arg>${PASSWORD}</arg>
<status status="NOT RUN" start="2024-11-21T04:49:35.595874" elapsed="0.000000"/>
</kw>
<kw name="WHEN I click the button" owner="KadenaApp">
<arg>${LOGIN_BUTTON}</arg>
<status status="NOT RUN" start="2024-11-21T04:49:35.595874" elapsed="0.000000"/>
</kw>
<kw name="THEN A message should display" owner="KadenaApp">
<arg>${INVALID_ERROR_MESSAGE}</arg>
<status status="NOT RUN" start="2024-11-21T04:49:35.595874" elapsed="0.000000"/>
</kw>
<kw name="Close Test Browser" owner="Common" type="TEARDOWN">
<kw name="Wait Until Keyword Succeeds" owner="BuiltIn">
<kw name="Capture Page Screenshot" owner="SeleniumLibrary">
<msg time="2024-11-21T04:49:35.650113" level="INFO" html="true">&lt;/td&gt;&lt;/tr&gt;&lt;tr&gt;&lt;td colspan="3"&gt;&lt;a href="../testsuites/screenshots/selenium-screenshot-1.png"&gt;&lt;img src="../testsuites/screenshots/selenium-screenshot-1.png" width="800px"&gt;&lt;/a&gt;</msg>
<doc>Takes a screenshot of the current page and embeds it into a log file.</doc>
<status status="PASS" start="2024-11-21T04:49:35.596874" elapsed="0.053239"/>
</kw>
<arg>10</arg>
<arg>1s</arg>
<arg>Capture Page Screenshot</arg>
<doc>Runs the specified keyword and retries if it fails.</doc>
<status status="PASS" start="2024-11-21T04:49:35.596874" elapsed="0.053239"/>
</kw>
<kw name="Close All Browsers" owner="SeleniumLibrary">
<doc>Closes all open browsers and resets the browser cache.</doc>
<status status="PASS" start="2024-11-21T04:49:35.650113" elapsed="6.212651"/>
</kw>
<status status="PASS" start="2024-11-21T04:49:35.595874" elapsed="6.266890"/>
</kw>
<doc>Login with invalid credentials</doc>
<tag>M0MAIN-SIT-001</tag>
<tag>TS-SIT-001</tag>
<status status="FAIL" start="2024-11-21T04:49:22.992919" elapsed="18.869845">Variable '${VALID_ORDERING_EMAIL}' not found.</status>
</test>
<test id="s1-t2" name="Test Scenario 2: Login with invalid email" line="24">
<kw name="Open Test Browser" owner="Common" type="SETUP">
<kw name="Set Selenium Timeout" owner="SeleniumLibrary">
<arg>10s</arg>
<doc>Sets the timeout that is used by various keywords.</doc>
<status status="PASS" start="2024-11-21T04:49:41.862764" elapsed="0.000000"/>
</kw>
<kw name="Empty Directory" owner="OperatingSystem">
<msg time="2024-11-21T04:49:41.862764" level="INFO" html="true">Listing contents of directory '&lt;a href="file://D:\a\KadenaTestAutomation\KadenaTestAutomation\testsuites\screenshots"&gt;D:\a\KadenaTestAutomation\KadenaTestAutomation\testsuites\screenshots&lt;/a&gt;'.</msg>
<msg time="2024-11-21T04:49:41.862764" level="INFO" html="true">Emptied directory '&lt;a href="file://D:\a\KadenaTestAutomation\KadenaTestAutomation\testsuites\screenshots"&gt;D:\a\KadenaTestAutomation\KadenaTestAutomation\testsuites\screenshots&lt;/a&gt;'.</msg>
<arg>testsuites/screenshots</arg>
<doc>Deletes all the content from the given directory.</doc>
<status status="PASS" start="2024-11-21T04:49:41.862764" elapsed="0.000000"/>
</kw>
<kw name="Set Screenshot Directory" owner="SeleniumLibrary">
<arg>testsuites/screenshots</arg>
<doc>Sets the directory for captured screenshots.</doc>
<status status="PASS" start="2024-11-21T04:49:41.862764" elapsed="0.000000"/>
</kw>
<kw name="Evaluate" owner="BuiltIn">
<msg time="2024-11-21T04:49:41.862764" level="INFO">${options} = &lt;selenium.webdriver.chrome.options.Options object at 0x0000015AC51FA870&gt;</msg>
<var>${options}</var>
<arg>sys.modules['selenium.webdriver'].${name}Options()</arg>
<arg>sys, selenium.webdriver</arg>
<doc>Evaluates the given expression in Python and returns the result.</doc>
<status status="PASS" start="2024-11-21T04:49:41.862764" elapsed="0.000000"/>
</kw>
<kw name="Call Method" owner="BuiltIn">
<arg>${options}</arg>
<arg>add_argument</arg>
<arg>--incognito</arg>
<doc>Calls the named method of the given object with the provided arguments.</doc>
<status status="PASS" start="2024-11-21T04:49:41.862764" elapsed="0.000000"/>
</kw>
<kw name="Create Webdriver" owner="SeleniumLibrary">
<msg time="2024-11-21T04:49:41.862764" level="INFO">Creating an instance of the Chrome WebDriver.</msg>
<arg>${name}</arg>
<arg>options=${options}</arg>
<doc>Creates an instance of Selenium WebDriver.</doc>
<status status="PASS" start="2024-11-21T04:49:41.862764" elapsed="1.268096"/>
</kw>
<kw name="Maximize Browser Window" owner="SeleniumLibrary">
<doc>Maximizes current browser window.</doc>
<status status="PASS" start="2024-11-21T04:49:43.130860" elapsed="0.032646"/>
</kw>
<arg>${BROWSER_NAME}</arg>
<status status="PASS" start="2024-11-21T04:49:41.862764" elapsed="1.300742"/>
</kw>
<kw name="GIVEN I go to Login page" owner="KadenaApp">
<kw name="Navigate to login page" owner="Login">
<kw name="Go To" owner="SeleniumLibrary">
<msg time="2024-11-21T04:49:43.165501" level="INFO">Opening url 'https://kadena.test.amihan.net/'</msg>
<arg>${LOGINPAGE_URL}</arg>
<doc>Navigates the current browser window to the provided ``url``.</doc>
<status status="PASS" start="2024-11-21T04:49:43.165501" elapsed="2.034353"/>
</kw>
<status status="PASS" start="2024-11-21T04:49:43.165501" elapsed="2.034353"/>
</kw>
<kw name="Verify Page Loaded" owner="Login">
<kw name="Wait Until Page Contains" owner="SeleniumLibrary">
<arg>${LOGIN_HEADER}</arg>
<doc>Waits until ``text`` appears on the current page.</doc>
<status status="PASS" start="2024-11-21T04:49:45.200849" elapsed="0.013181"/>
</kw>
<status status="PASS" start="2024-11-21T04:49:45.199854" elapsed="0.014176"/>
</kw>
<status status="PASS" start="2024-11-21T04:49:43.164503" elapsed="2.049527"/>
</kw>
<kw name="AND I enter" owner="KadenaApp">
<kw name="Enter Credential" owner="Login">
<kw name="Input Text" owner="SeleniumLibrary">
<msg time="2024-11-21T04:49:45.214030" level="INFO">Typing text 'invalid@email.com' into text field 'id=username'.</msg>
<arg>${locator}</arg>
<arg>${credential}</arg>
<doc>Types the given ``text`` into the text field identified by ``locator``.</doc>
<status status="PASS" start="2024-11-21T04:49:45.214030" elapsed="0.121019"/>
</kw>
<arg>${credential}</arg>
<arg>${locator}</arg>
<status status="PASS" start="2024-11-21T04:49:45.214030" elapsed="0.122022"/>
</kw>
<arg>${INVALID_EMAIL}</arg>
<arg>${EMAIL}</arg>
<status status="PASS" start="2024-11-21T04:49:45.214030" elapsed="0.122022"/>
</kw>
<kw name="AND I enter" owner="KadenaApp">
<kw name="Enter Credential" owner="Login">
<kw name="Input Text" owner="SeleniumLibrary">
<msg time="2024-11-21T04:49:45.337050" level="INFO">Typing text 'password' into text field 'id=password'.</msg>
<arg>${locator}</arg>
<arg>${credential}</arg>
<doc>Types the given ``text`` into the text field identified by ``locator``.</doc>
<status status="PASS" start="2024-11-21T04:49:45.337050" elapsed="0.086233"/>
</kw>
<arg>${credential}</arg>
<arg>${locator}</arg>
<status status="PASS" start="2024-11-21T04:49:45.336052" elapsed="0.087231"/>
</kw>
<arg>${VALID_PASSWORD}</arg>
<arg>${PASSWORD}</arg>
<status status="PASS" start="2024-11-21T04:49:45.336052" elapsed="0.087231"/>
</kw>
<kw name="WHEN I click the button" owner="KadenaApp">
<kw name="Click submit button" owner="Login">
<kw name="Click Button" owner="SeleniumLibrary">
<msg time="2024-11-21T04:49:45.424279" level="INFO">Clicking button 'name=login'.</msg>
<arg>${locator}</arg>
<doc>Clicks the button identified by ``locator``.</doc>
<status status="PASS" start="2024-11-21T04:49:45.424279" elapsed="1.148009"/>
</kw>
<arg>${locator}</arg>
<status status="PASS" start="2024-11-21T04:49:45.423283" elapsed="1.149005"/>
</kw>
<arg>${LOGIN_BUTTON}</arg>
<status status="PASS" start="2024-11-21T04:49:45.423283" elapsed="1.149005"/>
</kw>
<kw name="THEN A message should display" owner="KadenaApp">
<kw name="Validate Error Message" owner="Login">
<kw name="Page Should Contain" owner="SeleniumLibrary">
<msg time="2024-11-21T04:49:46.587676" level="INFO">Current page contains text 'Invalid username or password.'.</msg>
<arg>${text}</arg>
<doc>Verifies that current page contains ``text``.</doc>
<status status="PASS" start="2024-11-21T04:49:46.573293" elapsed="0.014383"/>
</kw>
<arg>${text}</arg>
<status status="PASS" start="2024-11-21T04:49:46.573293" elapsed="0.014383"/>
</kw>
<arg>${INVALID_ERROR_MESSAGE}</arg>
<status status="PASS" start="2024-11-21T04:49:46.572288" elapsed="0.015388"/>
</kw>
<kw name="Close Test Browser" owner="Common" type="TEARDOWN">
<kw name="Wait Until Keyword Succeeds" owner="BuiltIn">
<kw name="Capture Page Screenshot" owner="SeleniumLibrary">
<msg time="2024-11-21T04:49:46.650819" level="INFO" html="true">&lt;/td&gt;&lt;/tr&gt;&lt;tr&gt;&lt;td colspan="3"&gt;&lt;a href="../testsuites/screenshots/selenium-screenshot-1.png"&gt;&lt;img src="../testsuites/screenshots/selenium-screenshot-1.png" width="800px"&gt;&lt;/a&gt;</msg>
<doc>Takes a screenshot of the current page and embeds it into a log file.</doc>
<status status="PASS" start="2024-11-21T04:49:46.588677" elapsed="0.062142"/>
</kw>
<arg>10</arg>
<arg>1s</arg>
<arg>Capture Page Screenshot</arg>
<doc>Runs the specified keyword and retries if it fails.</doc>
<status status="PASS" start="2024-11-21T04:49:46.588677" elapsed="0.062142"/>
</kw>
<kw name="Close All Browsers" owner="SeleniumLibrary">
<doc>Closes all open browsers and resets the browser cache.</doc>
<status status="PASS" start="2024-11-21T04:49:46.651821" elapsed="6.080421"/>
</kw>
<status status="PASS" start="2024-11-21T04:49:46.587676" elapsed="6.144566"/>
</kw>
<doc>Login with invalid credentials</doc>
<tag>M0MAIN-SIT-001</tag>
<tag>TS-SIT-001</tag>
<status status="PASS" start="2024-11-21T04:49:41.862764" elapsed="10.869478"/>
</test>
<test id="s1-t3" name="Test Scenario 3: Login with access to Forecasting" line="34">
<kw name="Open Test Browser" owner="Common" type="SETUP">
<kw name="Set Selenium Timeout" owner="SeleniumLibrary">
<arg>10s</arg>
<doc>Sets the timeout that is used by various keywords.</doc>
<status status="PASS" start="2024-11-21T04:49:52.732242" elapsed="0.000000"/>
</kw>
<kw name="Empty Directory" owner="OperatingSystem">
<msg time="2024-11-21T04:49:52.732242" level="INFO" html="true">Listing contents of directory '&lt;a href="file://D:\a\KadenaTestAutomation\KadenaTestAutomation\testsuites\screenshots"&gt;D:\a\KadenaTestAutomation\KadenaTestAutomation\testsuites\screenshots&lt;/a&gt;'.</msg>
<msg time="2024-11-21T04:49:52.732242" level="INFO" html="true">Emptied directory '&lt;a href="file://D:\a\KadenaTestAutomation\KadenaTestAutomation\testsuites\screenshots"&gt;D:\a\KadenaTestAutomation\KadenaTestAutomation\testsuites\screenshots&lt;/a&gt;'.</msg>
<arg>testsuites/screenshots</arg>
<doc>Deletes all the content from the given directory.</doc>
<status status="PASS" start="2024-11-21T04:49:52.732242" elapsed="0.000000"/>
</kw>
<kw name="Set Screenshot Directory" owner="SeleniumLibrary">
<arg>testsuites/screenshots</arg>
<doc>Sets the directory for captured screenshots.</doc>
<status status="PASS" start="2024-11-21T04:49:52.732242" elapsed="0.000000"/>
</kw>
<kw name="Evaluate" owner="BuiltIn">
<msg time="2024-11-21T04:49:52.732242" level="INFO">${options} = &lt;selenium.webdriver.chrome.options.Options object at 0x0000015AC5235B80&gt;</msg>
<var>${options}</var>
<arg>sys.modules['selenium.webdriver'].${name}Options()</arg>
<arg>sys, selenium.webdriver</arg>
<doc>Evaluates the given expression in Python and returns the result.</doc>
<status status="PASS" start="2024-11-21T04:49:52.732242" elapsed="0.000000"/>
</kw>
<kw name="Call Method" owner="BuiltIn">
<arg>${options}</arg>
<arg>add_argument</arg>
<arg>--incognito</arg>
<doc>Calls the named method of the given object with the provided arguments.</doc>
<status status="PASS" start="2024-11-21T04:49:52.732242" elapsed="0.000000"/>
</kw>
<kw name="Create Webdriver" owner="SeleniumLibrary">
<msg time="2024-11-21T04:49:52.732242" level="INFO">Creating an instance of the Chrome WebDriver.</msg>
<arg>${name}</arg>
<arg>options=${options}</arg>
<doc>Creates an instance of Selenium WebDriver.</doc>
<status status="PASS" start="2024-11-21T04:49:52.732242" elapsed="1.290760"/>
</kw>
<kw name="Maximize Browser Window" owner="SeleniumLibrary">
<doc>Maximizes current browser window.</doc>
<status status="PASS" start="2024-11-21T04:49:54.023002" elapsed="0.033290"/>
</kw>
<arg>${BROWSER_NAME}</arg>
<status status="PASS" start="2024-11-21T04:49:52.732242" elapsed="1.325058"/>
</kw>
<kw name="GIVEN I go to Login page" owner="KadenaApp">
<kw name="Navigate to login page" owner="Login">
<kw name="Go To" owner="SeleniumLibrary">
<msg time="2024-11-21T04:49:54.057300" level="INFO">Opening url 'https://kadena.test.amihan.net/'</msg>
<arg>${LOGINPAGE_URL}</arg>
<doc>Navigates the current browser window to the provided ``url``.</doc>
<status status="PASS" start="2024-11-21T04:49:54.057300" elapsed="2.393041"/>
</kw>
<status status="PASS" start="2024-11-21T04:49:54.057300" elapsed="2.393041"/>
</kw>
<kw name="Verify Page Loaded" owner="Login">
<kw name="Wait Until Page Contains" owner="SeleniumLibrary">
<arg>${LOGIN_HEADER}</arg>
<doc>Waits until ``text`` appears on the current page.</doc>
<status status="PASS" start="2024-11-21T04:49:56.451344" elapsed="0.012672"/>
</kw>
<status status="PASS" start="2024-11-21T04:49:56.451344" elapsed="0.012672"/>
</kw>
<status status="PASS" start="2024-11-21T04:49:54.057300" elapsed="2.406716"/>
</kw>
<kw name="AND I enter" owner="KadenaApp">
<msg time="2024-11-21T04:49:56.464016" level="FAIL">Variable '${VALID_FORECASTING_EMAIL}' not found.</msg>
<arg>${VALID_FORECASTING_EMAIL}</arg>
<arg>${EMAIL}</arg>
<status status="FAIL" start="2024-11-21T04:49:56.464016" elapsed="0.000000">Variable '${VALID_FORECASTING_EMAIL}' not found.</status>
</kw>
<kw name="AND I enter" owner="KadenaApp">
<arg>${VALID_PASSWORD}</arg>
<arg>${PASSWORD}</arg>
<status status="NOT RUN" start="2024-11-21T04:49:56.464016" elapsed="0.000000"/>
</kw>
<kw name="WHEN I click the button" owner="KadenaApp">
<arg>${LOGIN_BUTTON}</arg>
<status status="NOT RUN" start="2024-11-21T04:49:56.464016" elapsed="0.000000"/>
</kw>
<kw name="AND A message should display" owner="KadenaApp">
<arg>Welcome</arg>
<status status="NOT RUN" start="2024-11-21T04:49:56.464016" elapsed="0.000000"/>
</kw>
<kw name="AND The link should not be clickable" owner="KadenaApp">
<arg>${ORDERING_LINK}</arg>
<status status="NOT RUN" start="2024-11-21T04:49:56.464016" elapsed="0.000000"/>
</kw>
<kw name="AND The link should not be clickable" owner="KadenaApp">
<arg>${PROCUREMENT_LINK}</arg>
<status status="NOT RUN" start="2024-11-21T04:49:56.466556" elapsed="0.000000"/>
</kw>
<kw name="AND The link should not be clickable" owner="KadenaApp">
<arg>${VENDOR_LINK}</arg>
<status status="NOT RUN" start="2024-11-21T04:49:56.466556" elapsed="0.000000"/>
</kw>
<kw name="AND The link should not be clickable" owner="KadenaApp">
<arg>${QUALITY_LINK}</arg>
<status status="NOT RUN" start="2024-11-21T04:49:56.466556" elapsed="0.000000"/>
</kw>
<kw name="AND The link should not be clickable" owner="KadenaApp">
<arg>${INVENTORY_LINK}</arg>
<status status="NOT RUN" start="2024-11-21T04:49:56.466556" elapsed="0.000000"/>
</kw>
<kw name="AND The link should be clickable" owner="KadenaApp">
<arg>${FORECAST_LINK}</arg>
<status status="NOT RUN" start="2024-11-21T04:49:56.466556" elapsed="0.000000"/>
</kw>
<kw name="THEN I should be redirected to the" owner="KadenaApp">
<arg>Forecasting</arg>
<status status="NOT RUN" start="2024-11-21T04:49:56.466556" elapsed="0.000000"/>
</kw>
<kw name="Close Test Browser" owner="Common" type="TEARDOWN">
<kw name="Wait Until Keyword Succeeds" owner="BuiltIn">
<kw name="Capture Page Screenshot" owner="SeleniumLibrary">
<msg time="2024-11-21T04:49:56.524961" level="INFO" html="true">&lt;/td&gt;&lt;/tr&gt;&lt;tr&gt;&lt;td colspan="3"&gt;&lt;a href="../testsuites/screenshots/selenium-screenshot-1.png"&gt;&lt;img src="../testsuites/screenshots/selenium-screenshot-1.png" width="800px"&gt;&lt;/a&gt;</msg>
<doc>Takes a screenshot of the current page and embeds it into a log file.</doc>
<status status="PASS" start="2024-11-21T04:49:56.467554" elapsed="0.057407"/>
</kw>
<arg>10</arg>
<arg>1s</arg>
<arg>Capture Page Screenshot</arg>
<doc>Runs the specified keyword and retries if it fails.</doc>
<status status="PASS" start="2024-11-21T04:49:56.467554" elapsed="0.057407"/>
</kw>
<kw name="Close All Browsers" owner="SeleniumLibrary">
<doc>Closes all open browsers and resets the browser cache.</doc>
<status status="PASS" start="2024-11-21T04:49:56.524961" elapsed="6.124387"/>
</kw>
<status status="PASS" start="2024-11-21T04:49:56.467554" elapsed="6.181794"/>
</kw>
<doc>Login with access to Forecasting</doc>
<tag>fcast</tag>
<tag>M0MAIN-SIT-002</tag>
<tag>TS-SIT-001</tag>
<status status="FAIL" start="2024-11-21T04:49:52.732242" elapsed="9.917106">Variable '${VALID_FORECASTING_EMAIL}' not found.</status>
</test>
<test id="s1-t4" name="Test Scenario 4: Login with access to Supply Planning modules" line="52">
<kw name="Open Test Browser" owner="Common" type="SETUP">
<kw name="Set Selenium Timeout" owner="SeleniumLibrary">
<arg>10s</arg>
<doc>Sets the timeout that is used by various keywords.</doc>
<status status="PASS" start="2024-11-21T04:50:02.649348" elapsed="0.000000"/>
</kw>
<kw name="Empty Directory" owner="OperatingSystem">
<msg time="2024-11-21T04:50:02.649348" level="INFO" html="true">Listing contents of directory '&lt;a href="file://D:\a\KadenaTestAutomation\KadenaTestAutomation\testsuites\screenshots"&gt;D:\a\KadenaTestAutomation\KadenaTestAutomation\testsuites\screenshots&lt;/a&gt;'.</msg>
<msg time="2024-11-21T04:50:02.649348" level="INFO" html="true">Emptied directory '&lt;a href="file://D:\a\KadenaTestAutomation\KadenaTestAutomation\testsuites\screenshots"&gt;D:\a\KadenaTestAutomation\KadenaTestAutomation\testsuites\screenshots&lt;/a&gt;'.</msg>
<arg>testsuites/screenshots</arg>
<doc>Deletes all the content from the given directory.</doc>
<status status="PASS" start="2024-11-21T04:50:02.649348" elapsed="0.000000"/>
</kw>
<kw name="Set Screenshot Directory" owner="SeleniumLibrary">
<arg>testsuites/screenshots</arg>
<doc>Sets the directory for captured screenshots.</doc>
<status status="PASS" start="2024-11-21T04:50:02.649348" elapsed="0.000000"/>
</kw>
<kw name="Evaluate" owner="BuiltIn">
<msg time="2024-11-21T04:50:02.649348" level="INFO">${options} = &lt;selenium.webdriver.chrome.options.Options object at 0x0000015AC5235040&gt;</msg>
<var>${options}</var>
<arg>sys.modules['selenium.webdriver'].${name}Options()</arg>
<arg>sys, selenium.webdriver</arg>
<doc>Evaluates the given expression in Python and returns the result.</doc>
<status status="PASS" start="2024-11-21T04:50:02.649348" elapsed="0.000000"/>
</kw>
<kw name="Call Method" owner="BuiltIn">
<arg>${options}</arg>
<arg>add_argument</arg>
<arg>--incognito</arg>
<doc>Calls the named method of the given object with the provided arguments.</doc>
<status status="PASS" start="2024-11-21T04:50:02.649348" elapsed="0.000000"/>
</kw>
<kw name="Create Webdriver" owner="SeleniumLibrary">
<msg time="2024-11-21T04:50:02.649348" level="INFO">Creating an instance of the Chrome WebDriver.</msg>
<arg>${name}</arg>
<arg>options=${options}</arg>
<doc>Creates an instance of Selenium WebDriver.</doc>
<status status="PASS" start="2024-11-21T04:50:02.649348" elapsed="1.263097"/>
</kw>
<kw name="Maximize Browser Window" owner="SeleniumLibrary">
<doc>Maximizes current browser window.</doc>
<status status="PASS" start="2024-11-21T04:50:03.912445" elapsed="0.034161"/>
</kw>
<arg>${BROWSER_NAME}</arg>
<status status="PASS" start="2024-11-21T04:50:02.649348" elapsed="1.297258"/>
</kw>
<kw name="GIVEN I go to Login page" owner="KadenaApp">
<kw name="Navigate to login page" owner="Login">
<kw name="Go To" owner="SeleniumLibrary">
<msg time="2024-11-21T04:50:03.947605" level="INFO">Opening url 'https://kadena.test.amihan.net/'</msg>
<arg>${LOGINPAGE_URL}</arg>
<doc>Navigates the current browser window to the provided ``url``.</doc>
<status status="PASS" start="2024-11-21T04:50:03.946606" elapsed="2.392702"/>
</kw>
<status status="PASS" start="2024-11-21T04:50:03.946606" elapsed="2.392702"/>
</kw>
<kw name="Verify Page Loaded" owner="Login">
<kw name="Wait Until Page Contains" owner="SeleniumLibrary">
<arg>${LOGIN_HEADER}</arg>
<doc>Waits until ``text`` appears on the current page.</doc>
<status status="PASS" start="2024-11-21T04:50:06.340309" elapsed="0.013251"/>
</kw>
<status status="PASS" start="2024-11-21T04:50:06.339308" elapsed="0.014252"/>
</kw>
<status status="PASS" start="2024-11-21T04:50:03.946606" elapsed="2.407954"/>
</kw>
<kw name="AND I enter" owner="KadenaApp">
<msg time="2024-11-21T04:50:06.354797" level="FAIL">Variable '${VALID_FORECASTING_EMAIL}' not found.</msg>
<arg>${VALID_FORECASTING_EMAIL}</arg>
<arg>${EMAIL}</arg>
<status status="FAIL" start="2024-11-21T04:50:06.354797" elapsed="0.000000">Variable '${VALID_FORECASTING_EMAIL}' not found.</status>
</kw>
<kw name="AND I enter" owner="KadenaApp">
<arg>${VALID_PASSWORD}</arg>
<arg>${PASSWORD}</arg>
<status status="NOT RUN" start="2024-11-21T04:50:06.354797" elapsed="0.000000"/>
</kw>
<kw name="WHEN I click the button" owner="KadenaApp">
<arg>${LOGIN_BUTTON}</arg>
<status status="NOT RUN" start="2024-11-21T04:50:06.354797" elapsed="0.000000"/>
</kw>
<kw name="AND A message should display" owner="KadenaApp">
<arg>Welcome</arg>
<status status="NOT RUN" start="2024-11-21T04:50:06.354797" elapsed="0.000000"/>
</kw>
<kw name="AND The link should not be clickable" owner="KadenaApp">
<arg>${ORDERING_LINK}</arg>
<status status="NOT RUN" start="2024-11-21T04:50:06.354797" elapsed="0.000000"/>
</kw>
<kw name="AND The link should not be clickable" owner="KadenaApp">
<arg>${PROCUREMENT_LINK}</arg>
<status status="NOT RUN" start="2024-11-21T04:50:06.354797" elapsed="0.000000"/>
</kw>
<kw name="AND The link should not be clickable" owner="KadenaApp">
<arg>${VENDOR_LINK}</arg>
<status status="NOT RUN" start="2024-11-21T04:50:06.354797" elapsed="0.000000"/>
</kw>
<kw name="AND The link should not be clickable" owner="KadenaApp">
<arg>${QUALITY_LINK}</arg>
<status status="NOT RUN" start="2024-11-21T04:50:06.354797" elapsed="0.000000"/>
</kw>
<kw name="AND The link should not be clickable" owner="KadenaApp">
<arg>${INVENTORY_LINK}</arg>
<status status="NOT RUN" start="2024-11-21T04:50:06.354797" elapsed="0.000000"/>
</kw>
<kw name="AND The link should be clickable" owner="KadenaApp">
<arg>${SUPPLY_LINK}</arg>
<status status="NOT RUN" start="2024-11-21T04:50:06.354797" elapsed="0.000000"/>
</kw>
<kw name="THEN I should be redirected to the" owner="KadenaApp">
<arg>Supply Planning</arg>
<status status="NOT RUN" start="2024-11-21T04:50:06.354797" elapsed="0.000000"/>
</kw>
<kw name="Close Test Browser" owner="Common" type="TEARDOWN">
<kw name="Wait Until Keyword Succeeds" owner="BuiltIn">
<kw name="Capture Page Screenshot" owner="SeleniumLibrary">
<msg time="2024-11-21T04:50:06.415895" level="INFO" html="true">&lt;/td&gt;&lt;/tr&gt;&lt;tr&gt;&lt;td colspan="3"&gt;&lt;a href="../testsuites/screenshots/selenium-screenshot-1.png"&gt;&lt;img src="../testsuites/screenshots/selenium-screenshot-1.png" width="800px"&gt;&lt;/a&gt;</msg>
<doc>Takes a screenshot of the current page and embeds it into a log file.</doc>
<status status="PASS" start="2024-11-21T04:50:06.357166" elapsed="0.058729"/>
</kw>
<arg>10</arg>
<arg>1s</arg>
<arg>Capture Page Screenshot</arg>
<doc>Runs the specified keyword and retries if it fails.</doc>
<status status="PASS" start="2024-11-21T04:50:06.357166" elapsed="0.058729"/>
</kw>
<kw name="Close All Browsers" owner="SeleniumLibrary">
<doc>Closes all open browsers and resets the browser cache.</doc>
<status status="PASS" start="2024-11-21T04:50:06.415895" elapsed="6.125648"/>
</kw>
<status status="PASS" start="2024-11-21T04:50:06.357166" elapsed="6.184377"/>
</kw>
<doc>Login with access to Supply Planning</doc>
<tag>M0MAIN-SIT-002</tag>
<tag>TS-SIT-001</tag>
<status status="FAIL" start="2024-11-21T04:50:02.649348" elapsed="9.892195">Variable '${VALID_FORECASTING_EMAIL}' not found.</status>
</test>
<status status="FAIL" start="2024-11-21T04:49:22.727289" elapsed="49.814791"/>
</suite>
<statistics>
<total>
<stat pass="1" fail="3" skip="0">All Tests</stat>
</total>
<tag>
<stat pass="0" fail="1" skip="0">fcast</stat>
<stat pass="1" fail="1" skip="0">M0MAIN-SIT-001</stat>
<stat pass="0" fail="2" skip="0">M0MAIN-SIT-002</stat>
<stat pass="1" fail="3" skip="0">TS-SIT-001</stat>
</tag>
<suite>
<stat pass="1" fail="3" skip="0" id="s1" name="Kadena Tests">Kadena Tests</stat>
</suite>
</statistics>
<errors>
<msg time="2024-11-21T04:49:22.758542" level="ERROR">Error in file 'D:\a\KadenaTestAutomation\KadenaTestAutomation\testsuites\Kadena_Tests.robot' on line 3: Resource file '..\variables\KadenaURL.robot' does not exist.</msg>
<msg time="2024-11-21T04:49:22.992919" level="WARN">Imported resource file 'D:\a\KadenaTestAutomation\KadenaTestAutomation\resources\PO\Ordering.robot' is empty.</msg>
</errors>
</robot>
